[0.184s] DEBUG:colcon:Command line arguments: ['/usr/bin/colcon', 'build', '--packages-select', 'tutorial_py']
[0.184s] DEBUG:colcon:Parsed command line arguments: Namespace(ament_cmake_args=None, base_paths=['.'], build_base='build', catkin_cmake_args=None, catkin_skip_building_tests=False, cmake_args=None, cmake_clean_cache=False, cmake_clean_first=False, cmake_force_configure=False, cmake_target=None, cmake_target_skip_unavailable=False, continue_on_error=False, event_handlers=None, executor='parallel', ignore_user_meta=False, install_base='install', log_base=None, log_level=None, main=<bound method BuildVerb.main of <colcon_core.verb.build.BuildVerb object at 0x7fd9ea0db0a0>>, merge_install=False, metas=['./colcon.meta'], mixin=None, mixin_files=None, mixin_verb=('build',), packages_above=None, packages_above_and_dependencies=None, packages_above_depth=None, packages_end=None, packages_ignore=None, packages_ignore_regex=None, packages_select=['tutorial_py'], packages_select_build_failed=False, packages_select_by_dep=None, packages_select_regex=None, packages_select_test_failures=False, packages_skip=None, packages_skip_build_finished=False, packages_skip_by_dep=None, packages_skip_regex=None, packages_skip_test_passed=False, packages_skip_up_to=None, packages_start=None, packages_up_to=None, packages_up_to_regex=None, parallel_workers=8, paths=None, symlink_install=False, test_result_base=None, verb_extension=<colcon_core.verb.build.BuildVerb object at 0x7fd9ea0db0a0>, verb_name='build', verb_parser=<colcon_mixin.mixin.mixin_argument.MixinArgumentDecorator object at 0x7fd9ea0db700>)
[0.189s] Level 1:colcon.colcon_core.package_discovery:discover_packages(colcon_meta) check parameters
[0.190s] INFO:colcon.colcon_metadata.package_discovery.colcon_meta:Using configuration from '/root/.colcon/metadata/default/Gazebo.meta'
[0.190s] INFO:colcon.colcon_metadata.package_discovery.colcon_meta:Using configuration from '/root/.colcon/metadata/default/fastrtps.meta'
[0.191s] Level 1:colcon.colcon_core.package_discovery:discover_packages(recursive) check parameters
[0.191s] Level 1:colcon.colcon_core.package_discovery:discover_packages(ignore) check parameters
[0.191s] Level 1:colcon.colcon_core.package_discovery:discover_packages(path) check parameters
[0.191s] Level 1:colcon.colcon_core.package_discovery:discover_packages(colcon_meta) discover
[0.191s] Level 1:colcon.colcon_core.package_discovery:discover_packages(recursive) discover
[0.191s] INFO:colcon.colcon_core.package_discovery:Crawling recursively for packages in '/home/root/dev/tutorial_ros2/src/tutorial_py'
[0.191s] Level 1:colcon.colcon_core.package_identification:_identify(.) by extensions ['ignore', 'ignore_ament_install']
[0.191s] Level 1:colcon.colcon_core.package_identification:_identify(.) by extension 'ignore'
[0.191s] Level 1:colcon.colcon_core.package_identification:_identify(.) by extension 'ignore_ament_install'
[0.191s] Level 1:colcon.colcon_core.package_identification:_identify(.) by extensions ['colcon_pkg']
[0.191s] Level 1:colcon.colcon_core.package_identification:_identify(.) by extension 'colcon_pkg'
[0.191s] Level 1:colcon.colcon_core.package_identification:_identify(.) by extensions ['colcon_meta']
[0.191s] Level 1:colcon.colcon_core.package_identification:_identify(.) by extension 'colcon_meta'
[0.191s] Level 1:colcon.colcon_core.package_identification:_identify(.) by extensions ['ros']
[0.191s] Level 1:colcon.colcon_core.package_identification:_identify(.) by extension 'ros'
[0.203s] DEBUG:colcon.colcon_core.package_identification:Package '.' with type 'ros.ament_python' and name 'tutorial_py'
[0.203s] Level 1:colcon.colcon_core.package_discovery:discover_packages(recursive) using defaults
[0.204s] Level 1:colcon.colcon_core.package_discovery:discover_packages(ignore) discover
[0.204s] Level 1:colcon.colcon_core.package_discovery:discover_packages(ignore) using defaults
[0.204s] Level 1:colcon.colcon_core.package_discovery:discover_packages(path) discover
[0.204s] Level 1:colcon.colcon_core.package_discovery:discover_packages(path) using defaults
[0.222s] Level 5:colcon.colcon_core.verb:set package 'tutorial_py' build argument 'cmake_args' from command line to 'None'
[0.222s] Level 5:colcon.colcon_core.verb:set package 'tutorial_py' build argument 'cmake_target' from command line to 'None'
[0.222s] Level 5:colcon.colcon_core.verb:set package 'tutorial_py' build argument 'cmake_target_skip_unavailable' from command line to 'False'
[0.222s] Level 5:colcon.colcon_core.verb:set package 'tutorial_py' build argument 'cmake_clean_cache' from command line to 'False'
[0.222s] Level 5:colcon.colcon_core.verb:set package 'tutorial_py' build argument 'cmake_clean_first' from command line to 'False'
[0.222s] Level 5:colcon.colcon_core.verb:set package 'tutorial_py' build argument 'cmake_force_configure' from command line to 'False'
[0.222s] Level 5:colcon.colcon_core.verb:set package 'tutorial_py' build argument 'ament_cmake_args' from command line to 'None'
[0.222s] Level 5:colcon.colcon_core.verb:set package 'tutorial_py' build argument 'catkin_cmake_args' from command line to 'None'
[0.222s] Level 5:colcon.colcon_core.verb:set package 'tutorial_py' build argument 'catkin_skip_building_tests' from command line to 'False'
[0.223s] DEBUG:colcon.colcon_core.verb:Building package 'tutorial_py' with the following arguments: {'ament_cmake_args': None, 'build_base': '/home/root/dev/tutorial_ros2/src/tutorial_py/build/tutorial_py', 'catkin_cmake_args': None, 'catkin_skip_building_tests': False, 'cmake_args': None, 'cmake_clean_cache': False, 'cmake_clean_first': False, 'cmake_force_configure': False, 'cmake_target': None, 'cmake_target_skip_unavailable': False, 'install_base': '/home/root/dev/tutorial_ros2/src/tutorial_py/install/tutorial_py', 'merge_install': False, 'path': '/home/root/dev/tutorial_ros2/src/tutorial_py', 'symlink_install': False, 'test_result_base': None}
[0.223s] INFO:colcon.colcon_core.executor:Executing jobs using 'parallel' executor
[0.225s] DEBUG:colcon.colcon_parallel_executor.executor.parallel:run_until_complete
[0.225s] INFO:colcon.colcon_ros.task.ament_python.build:Building ROS package in '/home/root/dev/tutorial_ros2/src/tutorial_py' with build type 'ament_python'
[0.225s] Level 1:colcon.colcon_core.shell:create_environment_hook('tutorial_py', 'ament_prefix_path')
[0.228s] INFO:colcon.colcon_core.plugin_system:Skipping extension 'colcon_core.shell.bat': Not used on non-Windows systems
[0.228s] INFO:colcon.colcon_core.shell:Creating environment hook '/home/root/dev/tutorial_ros2/src/tutorial_py/install/tutorial_py/share/tutorial_py/hook/ament_prefix_path.ps1'
[0.229s] INFO:colcon.colcon_core.shell:Creating environment descriptor '/home/root/dev/tutorial_ros2/src/tutorial_py/install/tutorial_py/share/tutorial_py/hook/ament_prefix_path.dsv'
[0.230s] INFO:colcon.colcon_core.shell:Creating environment hook '/home/root/dev/tutorial_ros2/src/tutorial_py/install/tutorial_py/share/tutorial_py/hook/ament_prefix_path.sh'
[0.231s] INFO:colcon.colcon_core.shell:Skip shell extension 'powershell' for command environment: Not usable outside of PowerShell
[0.231s] DEBUG:colcon.colcon_core.shell:Skip shell extension 'dsv' for command environment
[0.233s] DEBUG:colcon.colcon_core.shell:Ignoring prefix path '/opt/ros/foxy'
[0.397s] INFO:colcon.colcon_core.task.python.build:Building Python package in '/home/root/dev/tutorial_ros2/src/tutorial_py'
[0.398s] INFO:colcon.colcon_core.shell:Skip shell extension 'powershell' for command environment: Not usable outside of PowerShell
[0.398s] DEBUG:colcon.colcon_core.shell:Skip shell extension 'dsv' for command environment
[0.400s] DEBUG:colcon.colcon_core.shell:Ignoring prefix path '/opt/ros/foxy'
[0.405s] DEBUG:colcon.colcon_core.event_handler.log_command:Invoking command in '/home/root/dev/tutorial_ros2/src/tutorial_py': PYTHONPATH=/home/root/dev/tutorial_ros2/src/tutorial_py/install/tutorial_py/lib/python3.8/site-packages:${PYTHONPATH} /usr/bin/python3 setup.py egg_info --egg-base build/tutorial_py build --build-base /home/root/dev/tutorial_ros2/src/tutorial_py/build/tutorial_py/build install --prefix /home/root/dev/tutorial_ros2/src/tutorial_py/install/tutorial_py --record /home/root/dev/tutorial_ros2/src/tutorial_py/build/tutorial_py/install.log --single-version-externally-managed
[0.635s] DEBUG:colcon.colcon_core.event_handler.log_command:Invoked command in '/home/root/dev/tutorial_ros2/src/tutorial_py' returned '0': PYTHONPATH=/home/root/dev/tutorial_ros2/src/tutorial_py/install/tutorial_py/lib/python3.8/site-packages:${PYTHONPATH} /usr/bin/python3 setup.py egg_info --egg-base build/tutorial_py build --build-base /home/root/dev/tutorial_ros2/src/tutorial_py/build/tutorial_py/build install --prefix /home/root/dev/tutorial_ros2/src/tutorial_py/install/tutorial_py --record /home/root/dev/tutorial_ros2/src/tutorial_py/build/tutorial_py/install.log --single-version-externally-managed
[0.637s] Level 1:colcon.colcon_core.environment:checking '/home/root/dev/tutorial_ros2/src/tutorial_py/install/tutorial_py' for CMake module files
[0.638s] Level 1:colcon.colcon_core.environment:checking '/home/root/dev/tutorial_ros2/src/tutorial_py/install/tutorial_py' for CMake config files
[0.639s] Level 1:colcon.colcon_core.environment:checking '/home/root/dev/tutorial_ros2/src/tutorial_py/install/tutorial_py/lib'
[0.639s] Level 1:colcon.colcon_core.environment:checking '/home/root/dev/tutorial_ros2/src/tutorial_py/install/tutorial_py/bin'
[0.639s] Level 1:colcon.colcon_core.environment:checking '/home/root/dev/tutorial_ros2/src/tutorial_py/install/tutorial_py/lib/pkgconfig/tutorial_py.pc'
[0.639s] Level 1:colcon.colcon_core.environment:checking '/home/root/dev/tutorial_ros2/src/tutorial_py/install/tutorial_py/lib/python3.8/site-packages'
[0.639s] Level 1:colcon.colcon_core.shell:create_environment_hook('tutorial_py', 'pythonpath')
[0.640s] INFO:colcon.colcon_core.shell:Creating environment hook '/home/root/dev/tutorial_ros2/src/tutorial_py/install/tutorial_py/share/tutorial_py/hook/pythonpath.ps1'
[0.640s] INFO:colcon.colcon_core.shell:Creating environment descriptor '/home/root/dev/tutorial_ros2/src/tutorial_py/install/tutorial_py/share/tutorial_py/hook/pythonpath.dsv'
[0.640s] INFO:colcon.colcon_core.shell:Creating environment hook '/home/root/dev/tutorial_ros2/src/tutorial_py/install/tutorial_py/share/tutorial_py/hook/pythonpath.sh'
[0.641s] Level 1:colcon.colcon_core.environment:create_environment_scripts_only(tutorial_py)
[0.641s] INFO:colcon.colcon_core.shell:Creating package script '/home/root/dev/tutorial_ros2/src/tutorial_py/install/tutorial_py/share/tutorial_py/package.ps1'
[0.642s] INFO:colcon.colcon_core.shell:Creating package descriptor '/home/root/dev/tutorial_ros2/src/tutorial_py/install/tutorial_py/share/tutorial_py/package.dsv'
[0.643s] INFO:colcon.colcon_core.shell:Creating package script '/home/root/dev/tutorial_ros2/src/tutorial_py/install/tutorial_py/share/tutorial_py/package.sh'
[0.644s] INFO:colcon.colcon_core.shell:Creating package script '/home/root/dev/tutorial_ros2/src/tutorial_py/install/tutorial_py/share/tutorial_py/package.bash'
[0.645s] INFO:colcon.colcon_core.shell:Creating package script '/home/root/dev/tutorial_ros2/src/tutorial_py/install/tutorial_py/share/tutorial_py/package.zsh'
[0.646s] Level 1:colcon.colcon_core.environment:create_file_with_runtime_dependencies(/home/root/dev/tutorial_ros2/src/tutorial_py/install/tutorial_py/share/colcon-core/packages/tutorial_py)
[0.646s] DEBUG:colcon.colcon_parallel_executor.executor.parallel:closing loop
[0.646s] DEBUG:colcon.colcon_parallel_executor.executor.parallel:loop closed
[0.646s] DEBUG:colcon.colcon_parallel_executor.executor.parallel:run_until_complete finished with '0'
[0.646s] DEBUG:colcon.colcon_core.event_reactor:joining thread
[0.652s] INFO:colcon.colcon_core.plugin_system:Skipping extension 'colcon_notification.desktop_notification.notify_send': Could not find 'notify-send'
[0.652s] INFO:colcon.colcon_core.plugin_system:Skipping extension 'colcon_notification.desktop_notification.terminal_notifier': Not used on non-Darwin systems
[0.652s] INFO:colcon.colcon_core.plugin_system:Skipping extension 'colcon_notification.desktop_notification.win32': Not used on non-Windows systems
[0.652s] INFO:colcon.colcon_notification.desktop_notification:Sending desktop notification using 'notify2'
[0.652s] DEBUG:colcon.colcon_notification.desktop_notification.notify2:Failed to initialize notify2: org.freedesktop.DBus.Error.InvalidFileContent: D-Bus library appears to be incorrectly set up: see the manual page for dbus-uuidgen to correct this issue. (Failed to open "/var/lib/dbus/machine-id": No such file or directory; UUID file '/etc/machine-id' should contain a hex string of length 32, not length 0, with no other text)
[0.652s] DEBUG:colcon.colcon_core.event_reactor:joined thread
[0.653s] INFO:colcon.colcon_core.shell:Creating prefix script '/home/root/dev/tutorial_ros2/src/tutorial_py/install/local_setup.ps1'
[0.654s] INFO:colcon.colcon_core.shell:Creating prefix util module '/home/root/dev/tutorial_ros2/src/tutorial_py/install/_local_setup_util_ps1.py'
[0.655s] INFO:colcon.colcon_core.shell:Creating prefix chain script '/home/root/dev/tutorial_ros2/src/tutorial_py/install/setup.ps1'
[0.658s] INFO:colcon.colcon_core.shell:Creating prefix script '/home/root/dev/tutorial_ros2/src/tutorial_py/install/local_setup.sh'
[0.658s] INFO:colcon.colcon_core.shell:Creating prefix util module '/home/root/dev/tutorial_ros2/src/tutorial_py/install/_local_setup_util_sh.py'
[0.659s] INFO:colcon.colcon_core.shell:Creating prefix chain script '/home/root/dev/tutorial_ros2/src/tutorial_py/install/setup.sh'
[0.662s] INFO:colcon.colcon_core.shell:Creating prefix script '/home/root/dev/tutorial_ros2/src/tutorial_py/install/local_setup.bash'
[0.662s] INFO:colcon.colcon_core.shell:Creating prefix chain script '/home/root/dev/tutorial_ros2/src/tutorial_py/install/setup.bash'
[0.664s] INFO:colcon.colcon_core.shell:Creating prefix script '/home/root/dev/tutorial_ros2/src/tutorial_py/install/local_setup.zsh'
[0.665s] INFO:colcon.colcon_core.shell:Creating prefix chain script '/home/root/dev/tutorial_ros2/src/tutorial_py/install/setup.zsh'
