[0.116s] Invoking command in '/home/bot/tutorial/tutorial_ws/src/build/tutorial_interfaces': CMAKE_PREFIX_PATH=${CMAKE_PREFIX_PATH}:/home/bot/ros2_foxy/install/ros2bag:/home/bot/ros2_foxy/install/tracetools_launch:/home/bot/ros2_foxy/install/topic_monitor:/home/bot/ros2_foxy/install/examples_tf2_py:/home/bot/ros2_foxy/install/sros2:/home/bot/ros2_foxy/install/rqt_topic:/home/bot/ros2_foxy/install/rqt_reconfigure:/home/bot/ros2_foxy/install/rqt_action:/home/bot/ros2_foxy/install/rqt:/home/bot/ros2_foxy/install/rqt_graph:/home/bot/ros2_foxy/install/rqt_gui_py:/home/bot/ros2_foxy/install/rqt_gui:/home/bot/ros2_foxy/install/ros2trace:/home/bot/ros2_foxy/install/ros2topic:/home/bot/ros2_foxy/install/ros2test:/home/bot/ros2_foxy/install/ros2component:/home/bot/ros2_foxy/install/ros2param:/home/bot/ros2_foxy/install/ros2lifecycle:/home/bot/ros2_foxy/install/ros2service:/home/bot/ros2_foxy/install/ros2run:/home/bot/ros2_foxy/install/ros2launch:/home/bot/ros2_foxy/install/ros2pkg:/home/bot/ros2_foxy/install/ros2node:/home/bot/ros2_foxy/install/ros2multicast:/home/bot/ros2_foxy/install/ros2interface:/home/bot/ros2_foxy/install/ros2doctor:/home/bot/ros2_foxy/install/ros2action:/home/bot/ros2_foxy/install/ros2cli:/home/bot/ros2_foxy/install/quality_of_service_demo_py:/home/bot/ros2_foxy/install/launch_testing_ros:/home/bot/ros2_foxy/install/launch_ros:/home/bot/ros2_foxy/install/examples_rclpy_minimal_subscriber:/home/bot/ros2_foxy/install/examples_rclpy_minimal_service:/home/bot/ros2_foxy/install/examples_rclpy_minimal_publisher:/home/bot/ros2_foxy/install/examples_rclpy_minimal_client:/home/bot/ros2_foxy/install/examples_rclpy_minimal_action_server:/home/bot/ros2_foxy/install/examples_rclpy_minimal_action_client:/home/bot/ros2_foxy/install/examples_rclpy_executors:/home/bot/ros2_foxy/install/demo_nodes_py:/home/bot/ros2_foxy/install/action_tutorials_py:/home/bot/ros2_foxy/install/ament_uncrustify:/home/bot/ros2_foxy/install/tracetools_trace:/home/bot/ros2_foxy/install/tracetools_read:/home/bot/ros2_foxy/install/test_launch_ros:/home/bot/ros2_foxy/install/rpyutils:/home/bot/ros2_foxy/install/rosidl_runtime_py:/home/bot/ros2_foxy/install/launch_yaml:/home/bot/ros2_foxy/install/launch_xml:/home/bot/ros2_foxy/install/launch_testing:/home/bot/ros2_foxy/install/launch:/home/bot/ros2_foxy/install/osrf_pycommon:/home/bot/ros2_foxy/install/domain_coordinator:/home/bot/ros2_foxy/install/ament_xmllint:/home/bot/ros2_foxy/install/ament_pyflakes:/home/bot/ros2_foxy/install/ament_pycodestyle:/home/bot/ros2_foxy/install/ament_pep257:/home/bot/ros2_foxy/install/ament_pclint:/home/bot/ros2_foxy/install/ament_package:/home/bot/ros2_foxy/install/ament_mypy:/home/bot/ros2_foxy/install/ament_lint_cmake:/home/bot/ros2_foxy/install/ament_flake8:/home/bot/ros2_foxy/install/ament_copyright:/home/bot/ros2_foxy/install/ament_lint:/home/bot/ros2_foxy/install/ament_index_python:/home/bot/ros2_foxy/install/ament_cpplint:/home/bot/ros2_foxy/install/ament_cppcheck:/home/bot/ros2_foxy/install/ament_clang_tidy:/home/bot/ros2_foxy/install/ament_clang_format HISTTIMEFORMAT=%F %T /usr/bin/cmake /home/bot/tutorial/tutorial_ws/src/tutorial_interfaces -DCMAKE_INSTALL_PREFIX=/home/bot/tutorial/tutorial_ws/src/install/tutorial_interfaces
[0.204s] -- The C compiler identification is GNU 8.3.0
[0.359s] -- The CXX compiler identification is GNU 8.3.0
[0.374s] -- Check for working C compiler: /usr/bin/cc
[0.511s] -- Check for working C compiler: /usr/bin/cc -- works
[0.512s] -- Detecting C compiler ABI info
[0.650s] -- Detecting C compiler ABI info - done
[0.659s] -- Detecting C compile features
[1.040s] -- Detecting C compile features - done
[1.043s] -- Check for working CXX compiler: /usr/bin/c++
[1.223s] -- Check for working CXX compiler: /usr/bin/c++ -- works
[1.225s] -- Detecting CXX compiler ABI info
[1.410s] -- Detecting CXX compiler ABI info - done
[1.417s] -- Detecting CXX compile features
[2.328s] -- Detecting CXX compile features - done
[2.350s] -- Found ament_cmake: 0.9.8 (/home/bot/ros2_foxy/install/ament_cmake/share/ament_cmake/cmake)
[2.466s] -- Found PythonInterp: /usr/bin/python3 (found suitable version "3.7.3", minimum required is "3") 
[2.466s] -- Using PYTHON_EXECUTABLE: /usr/bin/python3
[3.006s] -- Found rosidl_default_generators: 1.0.0 (/home/bot/ros2_foxy/install/rosidl_default_generators/share/rosidl_default_generators/cmake)
[3.135s] -- Using all available rosidl_typesupport_c: rosidl_typesupport_introspection_c;rosidl_typesupport_fastrtps_c
[3.182s] -- Found rosidl_adapter: 1.1.0 (/home/bot/ros2_foxy/install/rosidl_adapter/share/rosidl_adapter/cmake)
[3.493s] -- Found OpenSSL: /usr/lib/x86_64-linux-gnu/libcrypto.so (found version "1.1.1d")  
[3.564s] -- Found FastRTPS: /home/bot/ros2_foxy/install/fastrtps/include  
[3.774s] -- Using all available rosidl_typesupport_cpp: rosidl_typesupport_introspection_cpp;rosidl_typesupport_fastrtps_cpp
[3.908s] -- Found PythonInterp: /usr/bin/python3 (found version "3.7.3") 
[4.226s] CMake Error at /home/bot/ros2_foxy/install/rosidl_cmake/share/rosidl_cmake/cmake/rosidl_generate_interfaces.cmake:229 (message):
[4.227s]   Packages installing interfaces must include
[4.227s]   '<member_of_group>rosidl_interface_packages</member_of_group>' in their
[4.227s]   package.xml
[4.227s] Call Stack (most recent call first):
[4.228s]   CMakeLists.txt:24 (rosidl_generate_interfaces)
[4.228s] 
[4.229s] 
[4.230s] -- Configuring incomplete, errors occurred!
[4.230s] See also "/home/bot/tutorial/tutorial_ws/src/build/tutorial_interfaces/CMakeFiles/CMakeOutput.log".
[4.238s] Invoked command in '/home/bot/tutorial/tutorial_ws/src/build/tutorial_interfaces' returned '1': CMAKE_PREFIX_PATH=${CMAKE_PREFIX_PATH}:/home/bot/ros2_foxy/install/ros2bag:/home/bot/ros2_foxy/install/tracetools_launch:/home/bot/ros2_foxy/install/topic_monitor:/home/bot/ros2_foxy/install/examples_tf2_py:/home/bot/ros2_foxy/install/sros2:/home/bot/ros2_foxy/install/rqt_topic:/home/bot/ros2_foxy/install/rqt_reconfigure:/home/bot/ros2_foxy/install/rqt_action:/home/bot/ros2_foxy/install/rqt:/home/bot/ros2_foxy/install/rqt_graph:/home/bot/ros2_foxy/install/rqt_gui_py:/home/bot/ros2_foxy/install/rqt_gui:/home/bot/ros2_foxy/install/ros2trace:/home/bot/ros2_foxy/install/ros2topic:/home/bot/ros2_foxy/install/ros2test:/home/bot/ros2_foxy/install/ros2component:/home/bot/ros2_foxy/install/ros2param:/home/bot/ros2_foxy/install/ros2lifecycle:/home/bot/ros2_foxy/install/ros2service:/home/bot/ros2_foxy/install/ros2run:/home/bot/ros2_foxy/install/ros2launch:/home/bot/ros2_foxy/install/ros2pkg:/home/bot/ros2_foxy/install/ros2node:/home/bot/ros2_foxy/install/ros2multicast:/home/bot/ros2_foxy/install/ros2interface:/home/bot/ros2_foxy/install/ros2doctor:/home/bot/ros2_foxy/install/ros2action:/home/bot/ros2_foxy/install/ros2cli:/home/bot/ros2_foxy/install/quality_of_service_demo_py:/home/bot/ros2_foxy/install/launch_testing_ros:/home/bot/ros2_foxy/install/launch_ros:/home/bot/ros2_foxy/install/examples_rclpy_minimal_subscriber:/home/bot/ros2_foxy/install/examples_rclpy_minimal_service:/home/bot/ros2_foxy/install/examples_rclpy_minimal_publisher:/home/bot/ros2_foxy/install/examples_rclpy_minimal_client:/home/bot/ros2_foxy/install/examples_rclpy_minimal_action_server:/home/bot/ros2_foxy/install/examples_rclpy_minimal_action_client:/home/bot/ros2_foxy/install/examples_rclpy_executors:/home/bot/ros2_foxy/install/demo_nodes_py:/home/bot/ros2_foxy/install/action_tutorials_py:/home/bot/ros2_foxy/install/ament_uncrustify:/home/bot/ros2_foxy/install/tracetools_trace:/home/bot/ros2_foxy/install/tracetools_read:/home/bot/ros2_foxy/install/test_launch_ros:/home/bot/ros2_foxy/install/rpyutils:/home/bot/ros2_foxy/install/rosidl_runtime_py:/home/bot/ros2_foxy/install/launch_yaml:/home/bot/ros2_foxy/install/launch_xml:/home/bot/ros2_foxy/install/launch_testing:/home/bot/ros2_foxy/install/launch:/home/bot/ros2_foxy/install/osrf_pycommon:/home/bot/ros2_foxy/install/domain_coordinator:/home/bot/ros2_foxy/install/ament_xmllint:/home/bot/ros2_foxy/install/ament_pyflakes:/home/bot/ros2_foxy/install/ament_pycodestyle:/home/bot/ros2_foxy/install/ament_pep257:/home/bot/ros2_foxy/install/ament_pclint:/home/bot/ros2_foxy/install/ament_package:/home/bot/ros2_foxy/install/ament_mypy:/home/bot/ros2_foxy/install/ament_lint_cmake:/home/bot/ros2_foxy/install/ament_flake8:/home/bot/ros2_foxy/install/ament_copyright:/home/bot/ros2_foxy/install/ament_lint:/home/bot/ros2_foxy/install/ament_index_python:/home/bot/ros2_foxy/install/ament_cpplint:/home/bot/ros2_foxy/install/ament_cppcheck:/home/bot/ros2_foxy/install/ament_clang_tidy:/home/bot/ros2_foxy/install/ament_clang_format HISTTIMEFORMAT=%F %T /usr/bin/cmake /home/bot/tutorial/tutorial_ws/src/tutorial_interfaces -DCMAKE_INSTALL_PREFIX=/home/bot/tutorial/tutorial_ws/src/install/tutorial_interfaces
