[0.239s] DEBUG:colcon:Command line arguments: ['/usr/bin/colcon', 'build']
[0.239s] DEBUG:colcon:Parsed command line arguments: Namespace(ament_cmake_args=None, base_paths=['.'], build_base='build', catkin_cmake_args=None, catkin_skip_building_tests=False, cmake_args=None, cmake_clean_cache=False, cmake_clean_first=False, cmake_force_configure=False, cmake_target=None, cmake_target_skip_unavailable=False, continue_on_error=False, event_handlers=None, executor='parallel', ignore_user_meta=False, install_base='install', log_base=None, log_level=None, main=<bound method BuildVerb.main of <colcon_core.verb.build.BuildVerb object at 0x7f63a98ef240>>, merge_install=False, metas=['./colcon.meta'], packages_above=None, packages_above_and_dependencies=None, packages_above_depth=None, packages_end=None, packages_ignore=None, packages_ignore_regex=None, packages_select=None, packages_select_build_failed=False, packages_select_by_dep=None, packages_select_regex=None, packages_select_test_failures=False, packages_skip=None, packages_skip_build_finished=False, packages_skip_by_dep=None, packages_skip_regex=None, packages_skip_test_passed=False, packages_skip_up_to=None, packages_start=None, packages_up_to=None, packages_up_to_regex=None, parallel_workers=12, paths=None, symlink_install=False, test_result_base=None, verb_extension=<colcon_core.verb.build.BuildVerb object at 0x7f63a98ef240>, verb_name='build', verb_parser=<colcon_defaults.argument_parser.defaults.DefaultArgumentsDecorator object at 0x7f63a98ef588>)
[0.249s] Level 1:colcon.colcon_core.package_discovery:discover_packages(colcon_meta) check parameters
[0.249s] Level 1:colcon.colcon_core.package_discovery:discover_packages(recursive) check parameters
[0.249s] Level 1:colcon.colcon_core.package_discovery:discover_packages(ignore) check parameters
[0.249s] Level 1:colcon.colcon_core.package_discovery:discover_packages(path) check parameters
[0.249s] Level 1:colcon.colcon_core.package_discovery:discover_packages(colcon_meta) discover
[0.249s] Level 1:colcon.colcon_core.package_discovery:discover_packages(recursive) discover
[0.249s] INFO:colcon.colcon_core.package_discovery:Crawling recursively for packages in '/home/bot/tutorial/tutorial_ws/src'
[0.249s] Level 1:colcon.colcon_core.package_identification:_identify(.) by extensions ['ignore', 'ignore_ament_install']
[0.249s] Level 1:colcon.colcon_core.package_identification:_identify(.) by extension 'ignore'
[0.249s] Level 1:colcon.colcon_core.package_identification:_identify(.) by extension 'ignore_ament_install'
[0.249s] Level 1:colcon.colcon_core.package_identification:_identify(.) by extensions ['colcon_pkg']
[0.249s] Level 1:colcon.colcon_core.package_identification:_identify(.) by extension 'colcon_pkg'
[0.250s] Level 1:colcon.colcon_core.package_identification:_identify(.) by extensions ['colcon_meta']
[0.250s] Level 1:colcon.colcon_core.package_identification:_identify(.) by extension 'colcon_meta'
[0.250s] Level 1:colcon.colcon_core.package_identification:_identify(.) by extensions ['ros']
[0.250s] Level 1:colcon.colcon_core.package_identification:_identify(.) by extension 'ros'
[0.261s] Level 1:colcon.colcon_core.package_identification:_identify(.) by extensions ['cmake', 'python']
[0.261s] Level 1:colcon.colcon_core.package_identification:_identify(.) by extension 'cmake'
[0.261s] Level 1:colcon.colcon_core.package_identification:_identify(.) by extension 'python'
[0.261s] Level 1:colcon.colcon_core.package_identification:_identify(.) by extensions ['python_setup_py']
[0.262s] Level 1:colcon.colcon_core.package_identification:_identify(.) by extension 'python_setup_py'
[0.262s] Level 1:colcon.colcon_core.package_identification:_identify(build) by extensions ['ignore', 'ignore_ament_install']
[0.262s] Level 1:colcon.colcon_core.package_identification:_identify(build) by extension 'ignore'
[0.262s] Level 1:colcon.colcon_core.package_identification:_identify(build) ignored
[0.262s] Level 1:colcon.colcon_core.package_identification:_identify(install) by extensions ['ignore', 'ignore_ament_install']
[0.262s] Level 1:colcon.colcon_core.package_identification:_identify(install) by extension 'ignore'
[0.262s] Level 1:colcon.colcon_core.package_identification:_identify(install) ignored
[0.262s] Level 1:colcon.colcon_core.package_identification:_identify(log) by extensions ['ignore', 'ignore_ament_install']
[0.262s] Level 1:colcon.colcon_core.package_identification:_identify(log) by extension 'ignore'
[0.262s] Level 1:colcon.colcon_core.package_identification:_identify(log) ignored
[0.262s] Level 1:colcon.colcon_core.package_identification:_identify(tutorial_hello_world) by extensions ['ignore', 'ignore_ament_install']
[0.262s] Level 1:colcon.colcon_core.package_identification:_identify(tutorial_hello_world) by extension 'ignore'
[0.262s] Level 1:colcon.colcon_core.package_identification:_identify(tutorial_hello_world) by extension 'ignore_ament_install'
[0.262s] Level 1:colcon.colcon_core.package_identification:_identify(tutorial_hello_world) by extensions ['colcon_pkg']
[0.262s] Level 1:colcon.colcon_core.package_identification:_identify(tutorial_hello_world) by extension 'colcon_pkg'
[0.262s] Level 1:colcon.colcon_core.package_identification:_identify(tutorial_hello_world) by extensions ['colcon_meta']
[0.263s] Level 1:colcon.colcon_core.package_identification:_identify(tutorial_hello_world) by extension 'colcon_meta'
[0.263s] Level 1:colcon.colcon_core.package_identification:_identify(tutorial_hello_world) by extensions ['ros']
[0.263s] Level 1:colcon.colcon_core.package_identification:_identify(tutorial_hello_world) by extension 'ros'
[0.264s] DEBUG:colcon.colcon_core.package_identification:Package 'tutorial_hello_world' with type 'ros.ament_cmake' and name 'tutorial_hello_world'
[0.265s] Level 1:colcon.colcon_core.package_identification:_identify(tutorial_interfaces) by extensions ['ignore', 'ignore_ament_install']
[0.265s] Level 1:colcon.colcon_core.package_identification:_identify(tutorial_interfaces) by extension 'ignore'
[0.265s] Level 1:colcon.colcon_core.package_identification:_identify(tutorial_interfaces) by extension 'ignore_ament_install'
[0.265s] Level 1:colcon.colcon_core.package_identification:_identify(tutorial_interfaces) by extensions ['colcon_pkg']
[0.265s] Level 1:colcon.colcon_core.package_identification:_identify(tutorial_interfaces) by extension 'colcon_pkg'
[0.265s] Level 1:colcon.colcon_core.package_identification:_identify(tutorial_interfaces) by extensions ['colcon_meta']
[0.265s] Level 1:colcon.colcon_core.package_identification:_identify(tutorial_interfaces) by extension 'colcon_meta'
[0.265s] Level 1:colcon.colcon_core.package_identification:_identify(tutorial_interfaces) by extensions ['ros']
[0.265s] Level 1:colcon.colcon_core.package_identification:_identify(tutorial_interfaces) by extension 'ros'
[0.265s] DEBUG:colcon.colcon_core.package_identification:Package 'tutorial_interfaces' with type 'ros.ament_cmake' and name 'tutorial_interfaces'
[0.265s] Level 1:colcon.colcon_core.package_identification:_identify(tutorial_service) by extensions ['ignore', 'ignore_ament_install']
[0.265s] Level 1:colcon.colcon_core.package_identification:_identify(tutorial_service) by extension 'ignore'
[0.265s] Level 1:colcon.colcon_core.package_identification:_identify(tutorial_service) by extension 'ignore_ament_install'
[0.266s] Level 1:colcon.colcon_core.package_identification:_identify(tutorial_service) by extensions ['colcon_pkg']
[0.266s] Level 1:colcon.colcon_core.package_identification:_identify(tutorial_service) by extension 'colcon_pkg'
[0.266s] Level 1:colcon.colcon_core.package_identification:_identify(tutorial_service) by extensions ['colcon_meta']
[0.266s] Level 1:colcon.colcon_core.package_identification:_identify(tutorial_service) by extension 'colcon_meta'
[0.266s] Level 1:colcon.colcon_core.package_identification:_identify(tutorial_service) by extensions ['ros']
[0.266s] Level 1:colcon.colcon_core.package_identification:_identify(tutorial_service) by extension 'ros'
[0.266s] DEBUG:colcon.colcon_core.package_identification:Package 'tutorial_service' with type 'ros.ament_cmake' and name 'tutorial_service'
[0.266s] Level 1:colcon.colcon_core.package_identification:_identify(tutorial_topic) by extensions ['ignore', 'ignore_ament_install']
[0.267s] Level 1:colcon.colcon_core.package_identification:_identify(tutorial_topic) by extension 'ignore'
[0.267s] Level 1:colcon.colcon_core.package_identification:_identify(tutorial_topic) by extension 'ignore_ament_install'
[0.267s] Level 1:colcon.colcon_core.package_identification:_identify(tutorial_topic) by extensions ['colcon_pkg']
[0.267s] Level 1:colcon.colcon_core.package_identification:_identify(tutorial_topic) by extension 'colcon_pkg'
[0.267s] Level 1:colcon.colcon_core.package_identification:_identify(tutorial_topic) by extensions ['colcon_meta']
[0.267s] Level 1:colcon.colcon_core.package_identification:_identify(tutorial_topic) by extension 'colcon_meta'
[0.267s] Level 1:colcon.colcon_core.package_identification:_identify(tutorial_topic) by extensions ['ros']
[0.267s] Level 1:colcon.colcon_core.package_identification:_identify(tutorial_topic) by extension 'ros'
[0.267s] DEBUG:colcon.colcon_core.package_identification:Package 'tutorial_topic' with type 'ros.ament_cmake' and name 'tutorial_topic'
[0.267s] Level 1:colcon.colcon_core.package_discovery:discover_packages(recursive) using defaults
[0.267s] Level 1:colcon.colcon_core.package_discovery:discover_packages(ignore) discover
[0.267s] Level 1:colcon.colcon_core.package_discovery:discover_packages(ignore) using defaults
[0.267s] Level 1:colcon.colcon_core.package_discovery:discover_packages(path) discover
[0.268s] Level 1:colcon.colcon_core.package_discovery:discover_packages(path) using defaults
[0.307s] Level 5:colcon.colcon_core.verb:set package 'tutorial_hello_world' build argument 'cmake_args' from command line to 'None'
[0.307s] Level 5:colcon.colcon_core.verb:set package 'tutorial_hello_world' build argument 'cmake_target' from command line to 'None'
[0.308s] Level 5:colcon.colcon_core.verb:set package 'tutorial_hello_world' build argument 'cmake_target_skip_unavailable' from command line to 'False'
[0.308s] Level 5:colcon.colcon_core.verb:set package 'tutorial_hello_world' build argument 'cmake_clean_cache' from command line to 'False'
[0.308s] Level 5:colcon.colcon_core.verb:set package 'tutorial_hello_world' build argument 'cmake_clean_first' from command line to 'False'
[0.308s] Level 5:colcon.colcon_core.verb:set package 'tutorial_hello_world' build argument 'cmake_force_configure' from command line to 'False'
[0.308s] Level 5:colcon.colcon_core.verb:set package 'tutorial_hello_world' build argument 'ament_cmake_args' from command line to 'None'
[0.308s] Level 5:colcon.colcon_core.verb:set package 'tutorial_hello_world' build argument 'catkin_cmake_args' from command line to 'None'
[0.308s] Level 5:colcon.colcon_core.verb:set package 'tutorial_hello_world' build argument 'catkin_skip_building_tests' from command line to 'False'
[0.308s] DEBUG:colcon.colcon_core.verb:Building package 'tutorial_hello_world' with the following arguments: {'ament_cmake_args': None, 'build_base': '/home/bot/tutorial/tutorial_ws/src/build/tutorial_hello_world', 'catkin_cmake_args': None, 'catkin_skip_building_tests': False, 'cmake_args': None, 'cmake_clean_cache': False, 'cmake_clean_first': False, 'cmake_force_configure': False, 'cmake_target': None, 'cmake_target_skip_unavailable': False, 'install_base': '/home/bot/tutorial/tutorial_ws/src/install/tutorial_hello_world', 'merge_install': False, 'path': '/home/bot/tutorial/tutorial_ws/src/tutorial_hello_world', 'symlink_install': False, 'test_result_base': None}
[0.312s] Level 5:colcon.colcon_core.verb:set package 'tutorial_interfaces' build argument 'cmake_args' from command line to 'None'
[0.312s] Level 5:colcon.colcon_core.verb:set package 'tutorial_interfaces' build argument 'cmake_target' from command line to 'None'
[0.312s] Level 5:colcon.colcon_core.verb:set package 'tutorial_interfaces' build argument 'cmake_target_skip_unavailable' from command line to 'False'
[0.312s] Level 5:colcon.colcon_core.verb:set package 'tutorial_interfaces' build argument 'cmake_clean_cache' from command line to 'False'
[0.313s] Level 5:colcon.colcon_core.verb:set package 'tutorial_interfaces' build argument 'cmake_clean_first' from command line to 'False'
[0.313s] Level 5:colcon.colcon_core.verb:set package 'tutorial_interfaces' build argument 'cmake_force_configure' from command line to 'False'
[0.313s] Level 5:colcon.colcon_core.verb:set package 'tutorial_interfaces' build argument 'ament_cmake_args' from command line to 'None'
[0.313s] Level 5:colcon.colcon_core.verb:set package 'tutorial_interfaces' build argument 'catkin_cmake_args' from command line to 'None'
[0.313s] Level 5:colcon.colcon_core.verb:set package 'tutorial_interfaces' build argument 'catkin_skip_building_tests' from command line to 'False'
[0.313s] DEBUG:colcon.colcon_core.verb:Building package 'tutorial_interfaces' with the following arguments: {'ament_cmake_args': None, 'build_base': '/home/bot/tutorial/tutorial_ws/src/build/tutorial_interfaces', 'catkin_cmake_args': None, 'catkin_skip_building_tests': False, 'cmake_args': None, 'cmake_clean_cache': False, 'cmake_clean_first': False, 'cmake_force_configure': False, 'cmake_target': None, 'cmake_target_skip_unavailable': False, 'install_base': '/home/bot/tutorial/tutorial_ws/src/install/tutorial_interfaces', 'merge_install': False, 'path': '/home/bot/tutorial/tutorial_ws/src/tutorial_interfaces', 'symlink_install': False, 'test_result_base': None}
[0.317s] Level 5:colcon.colcon_core.verb:set package 'tutorial_service' build argument 'cmake_args' from command line to 'None'
[0.317s] Level 5:colcon.colcon_core.verb:set package 'tutorial_service' build argument 'cmake_target' from command line to 'None'
[0.317s] Level 5:colcon.colcon_core.verb:set package 'tutorial_service' build argument 'cmake_target_skip_unavailable' from command line to 'False'
[0.317s] Level 5:colcon.colcon_core.verb:set package 'tutorial_service' build argument 'cmake_clean_cache' from command line to 'False'
[0.317s] Level 5:colcon.colcon_core.verb:set package 'tutorial_service' build argument 'cmake_clean_first' from command line to 'False'
[0.317s] Level 5:colcon.colcon_core.verb:set package 'tutorial_service' build argument 'cmake_force_configure' from command line to 'False'
[0.317s] Level 5:colcon.colcon_core.verb:set package 'tutorial_service' build argument 'ament_cmake_args' from command line to 'None'
[0.317s] Level 5:colcon.colcon_core.verb:set package 'tutorial_service' build argument 'catkin_cmake_args' from command line to 'None'
[0.317s] Level 5:colcon.colcon_core.verb:set package 'tutorial_service' build argument 'catkin_skip_building_tests' from command line to 'False'
[0.317s] DEBUG:colcon.colcon_core.verb:Building package 'tutorial_service' with the following arguments: {'ament_cmake_args': None, 'build_base': '/home/bot/tutorial/tutorial_ws/src/build/tutorial_service', 'catkin_cmake_args': None, 'catkin_skip_building_tests': False, 'cmake_args': None, 'cmake_clean_cache': False, 'cmake_clean_first': False, 'cmake_force_configure': False, 'cmake_target': None, 'cmake_target_skip_unavailable': False, 'install_base': '/home/bot/tutorial/tutorial_ws/src/install/tutorial_service', 'merge_install': False, 'path': '/home/bot/tutorial/tutorial_ws/src/tutorial_service', 'symlink_install': False, 'test_result_base': None}
[0.322s] Level 5:colcon.colcon_core.verb:set package 'tutorial_topic' build argument 'cmake_args' from command line to 'None'
[0.322s] Level 5:colcon.colcon_core.verb:set package 'tutorial_topic' build argument 'cmake_target' from command line to 'None'
[0.322s] Level 5:colcon.colcon_core.verb:set package 'tutorial_topic' build argument 'cmake_target_skip_unavailable' from command line to 'False'
[0.322s] Level 5:colcon.colcon_core.verb:set package 'tutorial_topic' build argument 'cmake_clean_cache' from command line to 'False'
[0.322s] Level 5:colcon.colcon_core.verb:set package 'tutorial_topic' build argument 'cmake_clean_first' from command line to 'False'
[0.322s] Level 5:colcon.colcon_core.verb:set package 'tutorial_topic' build argument 'cmake_force_configure' from command line to 'False'
[0.322s] Level 5:colcon.colcon_core.verb:set package 'tutorial_topic' build argument 'ament_cmake_args' from command line to 'None'
[0.322s] Level 5:colcon.colcon_core.verb:set package 'tutorial_topic' build argument 'catkin_cmake_args' from command line to 'None'
[0.322s] Level 5:colcon.colcon_core.verb:set package 'tutorial_topic' build argument 'catkin_skip_building_tests' from command line to 'False'
[0.322s] DEBUG:colcon.colcon_core.verb:Building package 'tutorial_topic' with the following arguments: {'ament_cmake_args': None, 'build_base': '/home/bot/tutorial/tutorial_ws/src/build/tutorial_topic', 'catkin_cmake_args': None, 'catkin_skip_building_tests': False, 'cmake_args': None, 'cmake_clean_cache': False, 'cmake_clean_first': False, 'cmake_force_configure': False, 'cmake_target': None, 'cmake_target_skip_unavailable': False, 'install_base': '/home/bot/tutorial/tutorial_ws/src/install/tutorial_topic', 'merge_install': False, 'path': '/home/bot/tutorial/tutorial_ws/src/tutorial_topic', 'symlink_install': False, 'test_result_base': None}
[0.322s] INFO:colcon.colcon_core.executor:Executing jobs using 'parallel' executor
[0.325s] DEBUG:colcon.colcon_parallel_executor.executor.parallel:run_until_complete
[0.325s] INFO:colcon.colcon_ros.task.ament_cmake.build:Building ROS package in '/home/bot/tutorial/tutorial_ws/src/tutorial_hello_world' with build type 'ament_cmake'
[0.326s] INFO:colcon.colcon_cmake.task.cmake.build:Building CMake package in '/home/bot/tutorial/tutorial_ws/src/tutorial_hello_world'
[0.333s] INFO:colcon.colcon_core.plugin_system:Skipping extension 'colcon_core.shell.bat': Not used on non-Windows systems
[0.333s] INFO:colcon.colcon_core.shell:Skip shell extension 'powershell' for command environment: Not usable outside of PowerShell
[0.333s] DEBUG:colcon.colcon_core.shell:Skip shell extension 'dsv' for command environment
[0.355s] INFO:colcon.colcon_ros.task.ament_cmake.build:Building ROS package in '/home/bot/tutorial/tutorial_ws/src/tutorial_interfaces' with build type 'ament_cmake'
[0.356s] INFO:colcon.colcon_cmake.task.cmake.build:Building CMake package in '/home/bot/tutorial/tutorial_ws/src/tutorial_interfaces'
[0.358s] INFO:colcon.colcon_core.shell:Skip shell extension 'powershell' for command environment: Not usable outside of PowerShell
[0.358s] DEBUG:colcon.colcon_core.shell:Skip shell extension 'dsv' for command environment
[0.385s] INFO:colcon.colcon_ros.task.ament_cmake.build:Building ROS package in '/home/bot/tutorial/tutorial_ws/src/tutorial_service' with build type 'ament_cmake'
[0.386s] INFO:colcon.colcon_cmake.task.cmake.build:Building CMake package in '/home/bot/tutorial/tutorial_ws/src/tutorial_service'
[0.388s] INFO:colcon.colcon_core.shell:Skip shell extension 'powershell' for command environment: Not usable outside of PowerShell
[0.388s] DEBUG:colcon.colcon_core.shell:Skip shell extension 'dsv' for command environment
[0.415s] INFO:colcon.colcon_ros.task.ament_cmake.build:Building ROS package in '/home/bot/tutorial/tutorial_ws/src/tutorial_topic' with build type 'ament_cmake'
[0.416s] INFO:colcon.colcon_cmake.task.cmake.build:Building CMake package in '/home/bot/tutorial/tutorial_ws/src/tutorial_topic'
[0.418s] INFO:colcon.colcon_core.shell:Skip shell extension 'powershell' for command environment: Not usable outside of PowerShell
[0.419s] DEBUG:colcon.colcon_core.shell:Skip shell extension 'dsv' for command environment
[0.467s] DEBUG:colcon.colcon_core.event_handler.log_command:Invoking command in '/home/bot/tutorial/tutorial_ws/src/build/tutorial_hello_world': CMAKE_PREFIX_PATH=${CMAKE_PREFIX_PATH}:/home/bot/ros2_foxy/install/ros2bag:/home/bot/ros2_foxy/install/tracetools_launch:/home/bot/ros2_foxy/install/topic_monitor:/home/bot/ros2_foxy/install/examples_tf2_py:/home/bot/ros2_foxy/install/sros2:/home/bot/ros2_foxy/install/rqt_topic:/home/bot/ros2_foxy/install/rqt_reconfigure:/home/bot/ros2_foxy/install/rqt_action:/home/bot/ros2_foxy/install/rqt:/home/bot/ros2_foxy/install/rqt_graph:/home/bot/ros2_foxy/install/rqt_gui_py:/home/bot/ros2_foxy/install/rqt_gui:/home/bot/ros2_foxy/install/ros2trace:/home/bot/ros2_foxy/install/ros2topic:/home/bot/ros2_foxy/install/ros2test:/home/bot/ros2_foxy/install/ros2component:/home/bot/ros2_foxy/install/ros2param:/home/bot/ros2_foxy/install/ros2lifecycle:/home/bot/ros2_foxy/install/ros2service:/home/bot/ros2_foxy/install/ros2run:/home/bot/ros2_foxy/install/ros2launch:/home/bot/ros2_foxy/install/ros2pkg:/home/bot/ros2_foxy/install/ros2node:/home/bot/ros2_foxy/install/ros2multicast:/home/bot/ros2_foxy/install/ros2interface:/home/bot/ros2_foxy/install/ros2doctor:/home/bot/ros2_foxy/install/ros2action:/home/bot/ros2_foxy/install/ros2cli:/home/bot/ros2_foxy/install/quality_of_service_demo_py:/home/bot/ros2_foxy/install/launch_testing_ros:/home/bot/ros2_foxy/install/launch_ros:/home/bot/ros2_foxy/install/examples_rclpy_minimal_subscriber:/home/bot/ros2_foxy/install/examples_rclpy_minimal_service:/home/bot/ros2_foxy/install/examples_rclpy_minimal_publisher:/home/bot/ros2_foxy/install/examples_rclpy_minimal_client:/home/bot/ros2_foxy/install/examples_rclpy_minimal_action_server:/home/bot/ros2_foxy/install/examples_rclpy_minimal_action_client:/home/bot/ros2_foxy/install/examples_rclpy_executors:/home/bot/ros2_foxy/install/demo_nodes_py:/home/bot/ros2_foxy/install/action_tutorials_py:/home/bot/ros2_foxy/install/ament_uncrustify:/home/bot/ros2_foxy/install/tracetools_trace:/home/bot/ros2_foxy/install/tracetools_read:/home/bot/ros2_foxy/install/test_launch_ros:/home/bot/ros2_foxy/install/rpyutils:/home/bot/ros2_foxy/install/rosidl_runtime_py:/home/bot/ros2_foxy/install/launch_yaml:/home/bot/ros2_foxy/install/launch_xml:/home/bot/ros2_foxy/install/launch_testing:/home/bot/ros2_foxy/install/launch:/home/bot/ros2_foxy/install/osrf_pycommon:/home/bot/ros2_foxy/install/domain_coordinator:/home/bot/ros2_foxy/install/ament_xmllint:/home/bot/ros2_foxy/install/ament_pyflakes:/home/bot/ros2_foxy/install/ament_pycodestyle:/home/bot/ros2_foxy/install/ament_pep257:/home/bot/ros2_foxy/install/ament_pclint:/home/bot/ros2_foxy/install/ament_package:/home/bot/ros2_foxy/install/ament_mypy:/home/bot/ros2_foxy/install/ament_lint_cmake:/home/bot/ros2_foxy/install/ament_flake8:/home/bot/ros2_foxy/install/ament_copyright:/home/bot/ros2_foxy/install/ament_lint:/home/bot/ros2_foxy/install/ament_index_python:/home/bot/ros2_foxy/install/ament_cpplint:/home/bot/ros2_foxy/install/ament_cppcheck:/home/bot/ros2_foxy/install/ament_clang_tidy:/home/bot/ros2_foxy/install/ament_clang_format HISTTIMEFORMAT=%F %T /usr/bin/cmake /home/bot/tutorial/tutorial_ws/src/tutorial_hello_world -DCMAKE_INSTALL_PREFIX=/home/bot/tutorial/tutorial_ws/src/install/tutorial_hello_world
[0.472s] DEBUG:colcon.colcon_core.event_handler.log_command:Invoking command in '/home/bot/tutorial/tutorial_ws/src/build/tutorial_interfaces': CMAKE_PREFIX_PATH=${CMAKE_PREFIX_PATH}:/home/bot/ros2_foxy/install/ros2bag:/home/bot/ros2_foxy/install/tracetools_launch:/home/bot/ros2_foxy/install/topic_monitor:/home/bot/ros2_foxy/install/examples_tf2_py:/home/bot/ros2_foxy/install/sros2:/home/bot/ros2_foxy/install/rqt_topic:/home/bot/ros2_foxy/install/rqt_reconfigure:/home/bot/ros2_foxy/install/rqt_action:/home/bot/ros2_foxy/install/rqt:/home/bot/ros2_foxy/install/rqt_graph:/home/bot/ros2_foxy/install/rqt_gui_py:/home/bot/ros2_foxy/install/rqt_gui:/home/bot/ros2_foxy/install/ros2trace:/home/bot/ros2_foxy/install/ros2topic:/home/bot/ros2_foxy/install/ros2test:/home/bot/ros2_foxy/install/ros2component:/home/bot/ros2_foxy/install/ros2param:/home/bot/ros2_foxy/install/ros2lifecycle:/home/bot/ros2_foxy/install/ros2service:/home/bot/ros2_foxy/install/ros2run:/home/bot/ros2_foxy/install/ros2launch:/home/bot/ros2_foxy/install/ros2pkg:/home/bot/ros2_foxy/install/ros2node:/home/bot/ros2_foxy/install/ros2multicast:/home/bot/ros2_foxy/install/ros2interface:/home/bot/ros2_foxy/install/ros2doctor:/home/bot/ros2_foxy/install/ros2action:/home/bot/ros2_foxy/install/ros2cli:/home/bot/ros2_foxy/install/quality_of_service_demo_py:/home/bot/ros2_foxy/install/launch_testing_ros:/home/bot/ros2_foxy/install/launch_ros:/home/bot/ros2_foxy/install/examples_rclpy_minimal_subscriber:/home/bot/ros2_foxy/install/examples_rclpy_minimal_service:/home/bot/ros2_foxy/install/examples_rclpy_minimal_publisher:/home/bot/ros2_foxy/install/examples_rclpy_minimal_client:/home/bot/ros2_foxy/install/examples_rclpy_minimal_action_server:/home/bot/ros2_foxy/install/examples_rclpy_minimal_action_client:/home/bot/ros2_foxy/install/examples_rclpy_executors:/home/bot/ros2_foxy/install/demo_nodes_py:/home/bot/ros2_foxy/install/action_tutorials_py:/home/bot/ros2_foxy/install/ament_uncrustify:/home/bot/ros2_foxy/install/tracetools_trace:/home/bot/ros2_foxy/install/tracetools_read:/home/bot/ros2_foxy/install/test_launch_ros:/home/bot/ros2_foxy/install/rpyutils:/home/bot/ros2_foxy/install/rosidl_runtime_py:/home/bot/ros2_foxy/install/launch_yaml:/home/bot/ros2_foxy/install/launch_xml:/home/bot/ros2_foxy/install/launch_testing:/home/bot/ros2_foxy/install/launch:/home/bot/ros2_foxy/install/osrf_pycommon:/home/bot/ros2_foxy/install/domain_coordinator:/home/bot/ros2_foxy/install/ament_xmllint:/home/bot/ros2_foxy/install/ament_pyflakes:/home/bot/ros2_foxy/install/ament_pycodestyle:/home/bot/ros2_foxy/install/ament_pep257:/home/bot/ros2_foxy/install/ament_pclint:/home/bot/ros2_foxy/install/ament_package:/home/bot/ros2_foxy/install/ament_mypy:/home/bot/ros2_foxy/install/ament_lint_cmake:/home/bot/ros2_foxy/install/ament_flake8:/home/bot/ros2_foxy/install/ament_copyright:/home/bot/ros2_foxy/install/ament_lint:/home/bot/ros2_foxy/install/ament_index_python:/home/bot/ros2_foxy/install/ament_cpplint:/home/bot/ros2_foxy/install/ament_cppcheck:/home/bot/ros2_foxy/install/ament_clang_tidy:/home/bot/ros2_foxy/install/ament_clang_format HISTTIMEFORMAT=%F %T /usr/bin/cmake /home/bot/tutorial/tutorial_ws/src/tutorial_interfaces -DCMAKE_INSTALL_PREFIX=/home/bot/tutorial/tutorial_ws/src/install/tutorial_interfaces
[0.482s] DEBUG:colcon.colcon_core.event_handler.log_command:Invoking command in '/home/bot/tutorial/tutorial_ws/src/build/tutorial_service': CMAKE_PREFIX_PATH=${CMAKE_PREFIX_PATH}:/home/bot/ros2_foxy/install/ros2bag:/home/bot/ros2_foxy/install/tracetools_launch:/home/bot/ros2_foxy/install/topic_monitor:/home/bot/ros2_foxy/install/examples_tf2_py:/home/bot/ros2_foxy/install/sros2:/home/bot/ros2_foxy/install/rqt_topic:/home/bot/ros2_foxy/install/rqt_reconfigure:/home/bot/ros2_foxy/install/rqt_action:/home/bot/ros2_foxy/install/rqt:/home/bot/ros2_foxy/install/rqt_graph:/home/bot/ros2_foxy/install/rqt_gui_py:/home/bot/ros2_foxy/install/rqt_gui:/home/bot/ros2_foxy/install/ros2trace:/home/bot/ros2_foxy/install/ros2topic:/home/bot/ros2_foxy/install/ros2test:/home/bot/ros2_foxy/install/ros2component:/home/bot/ros2_foxy/install/ros2param:/home/bot/ros2_foxy/install/ros2lifecycle:/home/bot/ros2_foxy/install/ros2service:/home/bot/ros2_foxy/install/ros2run:/home/bot/ros2_foxy/install/ros2launch:/home/bot/ros2_foxy/install/ros2pkg:/home/bot/ros2_foxy/install/ros2node:/home/bot/ros2_foxy/install/ros2multicast:/home/bot/ros2_foxy/install/ros2interface:/home/bot/ros2_foxy/install/ros2doctor:/home/bot/ros2_foxy/install/ros2action:/home/bot/ros2_foxy/install/ros2cli:/home/bot/ros2_foxy/install/quality_of_service_demo_py:/home/bot/ros2_foxy/install/launch_testing_ros:/home/bot/ros2_foxy/install/launch_ros:/home/bot/ros2_foxy/install/examples_rclpy_minimal_subscriber:/home/bot/ros2_foxy/install/examples_rclpy_minimal_service:/home/bot/ros2_foxy/install/examples_rclpy_minimal_publisher:/home/bot/ros2_foxy/install/examples_rclpy_minimal_client:/home/bot/ros2_foxy/install/examples_rclpy_minimal_action_server:/home/bot/ros2_foxy/install/examples_rclpy_minimal_action_client:/home/bot/ros2_foxy/install/examples_rclpy_executors:/home/bot/ros2_foxy/install/demo_nodes_py:/home/bot/ros2_foxy/install/action_tutorials_py:/home/bot/ros2_foxy/install/ament_uncrustify:/home/bot/ros2_foxy/install/tracetools_trace:/home/bot/ros2_foxy/install/tracetools_read:/home/bot/ros2_foxy/install/test_launch_ros:/home/bot/ros2_foxy/install/rpyutils:/home/bot/ros2_foxy/install/rosidl_runtime_py:/home/bot/ros2_foxy/install/launch_yaml:/home/bot/ros2_foxy/install/launch_xml:/home/bot/ros2_foxy/install/launch_testing:/home/bot/ros2_foxy/install/launch:/home/bot/ros2_foxy/install/osrf_pycommon:/home/bot/ros2_foxy/install/domain_coordinator:/home/bot/ros2_foxy/install/ament_xmllint:/home/bot/ros2_foxy/install/ament_pyflakes:/home/bot/ros2_foxy/install/ament_pycodestyle:/home/bot/ros2_foxy/install/ament_pep257:/home/bot/ros2_foxy/install/ament_pclint:/home/bot/ros2_foxy/install/ament_package:/home/bot/ros2_foxy/install/ament_mypy:/home/bot/ros2_foxy/install/ament_lint_cmake:/home/bot/ros2_foxy/install/ament_flake8:/home/bot/ros2_foxy/install/ament_copyright:/home/bot/ros2_foxy/install/ament_lint:/home/bot/ros2_foxy/install/ament_index_python:/home/bot/ros2_foxy/install/ament_cpplint:/home/bot/ros2_foxy/install/ament_cppcheck:/home/bot/ros2_foxy/install/ament_clang_tidy:/home/bot/ros2_foxy/install/ament_clang_format HISTTIMEFORMAT=%F %T /usr/bin/cmake /home/bot/tutorial/tutorial_ws/src/tutorial_service -DCMAKE_INSTALL_PREFIX=/home/bot/tutorial/tutorial_ws/src/install/tutorial_service
[0.491s] DEBUG:colcon.colcon_core.event_handler.log_command:Invoking command in '/home/bot/tutorial/tutorial_ws/src/build/tutorial_topic': CMAKE_PREFIX_PATH=${CMAKE_PREFIX_PATH}:/home/bot/ros2_foxy/install/ros2bag:/home/bot/ros2_foxy/install/tracetools_launch:/home/bot/ros2_foxy/install/topic_monitor:/home/bot/ros2_foxy/install/examples_tf2_py:/home/bot/ros2_foxy/install/sros2:/home/bot/ros2_foxy/install/rqt_topic:/home/bot/ros2_foxy/install/rqt_reconfigure:/home/bot/ros2_foxy/install/rqt_action:/home/bot/ros2_foxy/install/rqt:/home/bot/ros2_foxy/install/rqt_graph:/home/bot/ros2_foxy/install/rqt_gui_py:/home/bot/ros2_foxy/install/rqt_gui:/home/bot/ros2_foxy/install/ros2trace:/home/bot/ros2_foxy/install/ros2topic:/home/bot/ros2_foxy/install/ros2test:/home/bot/ros2_foxy/install/ros2component:/home/bot/ros2_foxy/install/ros2param:/home/bot/ros2_foxy/install/ros2lifecycle:/home/bot/ros2_foxy/install/ros2service:/home/bot/ros2_foxy/install/ros2run:/home/bot/ros2_foxy/install/ros2launch:/home/bot/ros2_foxy/install/ros2pkg:/home/bot/ros2_foxy/install/ros2node:/home/bot/ros2_foxy/install/ros2multicast:/home/bot/ros2_foxy/install/ros2interface:/home/bot/ros2_foxy/install/ros2doctor:/home/bot/ros2_foxy/install/ros2action:/home/bot/ros2_foxy/install/ros2cli:/home/bot/ros2_foxy/install/quality_of_service_demo_py:/home/bot/ros2_foxy/install/launch_testing_ros:/home/bot/ros2_foxy/install/launch_ros:/home/bot/ros2_foxy/install/examples_rclpy_minimal_subscriber:/home/bot/ros2_foxy/install/examples_rclpy_minimal_service:/home/bot/ros2_foxy/install/examples_rclpy_minimal_publisher:/home/bot/ros2_foxy/install/examples_rclpy_minimal_client:/home/bot/ros2_foxy/install/examples_rclpy_minimal_action_server:/home/bot/ros2_foxy/install/examples_rclpy_minimal_action_client:/home/bot/ros2_foxy/install/examples_rclpy_executors:/home/bot/ros2_foxy/install/demo_nodes_py:/home/bot/ros2_foxy/install/action_tutorials_py:/home/bot/ros2_foxy/install/ament_uncrustify:/home/bot/ros2_foxy/install/tracetools_trace:/home/bot/ros2_foxy/install/tracetools_read:/home/bot/ros2_foxy/install/test_launch_ros:/home/bot/ros2_foxy/install/rpyutils:/home/bot/ros2_foxy/install/rosidl_runtime_py:/home/bot/ros2_foxy/install/launch_yaml:/home/bot/ros2_foxy/install/launch_xml:/home/bot/ros2_foxy/install/launch_testing:/home/bot/ros2_foxy/install/launch:/home/bot/ros2_foxy/install/osrf_pycommon:/home/bot/ros2_foxy/install/domain_coordinator:/home/bot/ros2_foxy/install/ament_xmllint:/home/bot/ros2_foxy/install/ament_pyflakes:/home/bot/ros2_foxy/install/ament_pycodestyle:/home/bot/ros2_foxy/install/ament_pep257:/home/bot/ros2_foxy/install/ament_pclint:/home/bot/ros2_foxy/install/ament_package:/home/bot/ros2_foxy/install/ament_mypy:/home/bot/ros2_foxy/install/ament_lint_cmake:/home/bot/ros2_foxy/install/ament_flake8:/home/bot/ros2_foxy/install/ament_copyright:/home/bot/ros2_foxy/install/ament_lint:/home/bot/ros2_foxy/install/ament_index_python:/home/bot/ros2_foxy/install/ament_cpplint:/home/bot/ros2_foxy/install/ament_cppcheck:/home/bot/ros2_foxy/install/ament_clang_tidy:/home/bot/ros2_foxy/install/ament_clang_format HISTTIMEFORMAT=%F %T /usr/bin/cmake /home/bot/tutorial/tutorial_ws/src/tutorial_topic -DCMAKE_INSTALL_PREFIX=/home/bot/tutorial/tutorial_ws/src/install/tutorial_topic
[3.715s] DEBUG:colcon.colcon_core.event_handler.log_command:Invoked command in '/home/bot/tutorial/tutorial_ws/src/build/tutorial_hello_world' returned '0': CMAKE_PREFIX_PATH=${CMAKE_PREFIX_PATH}:/home/bot/ros2_foxy/install/ros2bag:/home/bot/ros2_foxy/install/tracetools_launch:/home/bot/ros2_foxy/install/topic_monitor:/home/bot/ros2_foxy/install/examples_tf2_py:/home/bot/ros2_foxy/install/sros2:/home/bot/ros2_foxy/install/rqt_topic:/home/bot/ros2_foxy/install/rqt_reconfigure:/home/bot/ros2_foxy/install/rqt_action:/home/bot/ros2_foxy/install/rqt:/home/bot/ros2_foxy/install/rqt_graph:/home/bot/ros2_foxy/install/rqt_gui_py:/home/bot/ros2_foxy/install/rqt_gui:/home/bot/ros2_foxy/install/ros2trace:/home/bot/ros2_foxy/install/ros2topic:/home/bot/ros2_foxy/install/ros2test:/home/bot/ros2_foxy/install/ros2component:/home/bot/ros2_foxy/install/ros2param:/home/bot/ros2_foxy/install/ros2lifecycle:/home/bot/ros2_foxy/install/ros2service:/home/bot/ros2_foxy/install/ros2run:/home/bot/ros2_foxy/install/ros2launch:/home/bot/ros2_foxy/install/ros2pkg:/home/bot/ros2_foxy/install/ros2node:/home/bot/ros2_foxy/install/ros2multicast:/home/bot/ros2_foxy/install/ros2interface:/home/bot/ros2_foxy/install/ros2doctor:/home/bot/ros2_foxy/install/ros2action:/home/bot/ros2_foxy/install/ros2cli:/home/bot/ros2_foxy/install/quality_of_service_demo_py:/home/bot/ros2_foxy/install/launch_testing_ros:/home/bot/ros2_foxy/install/launch_ros:/home/bot/ros2_foxy/install/examples_rclpy_minimal_subscriber:/home/bot/ros2_foxy/install/examples_rclpy_minimal_service:/home/bot/ros2_foxy/install/examples_rclpy_minimal_publisher:/home/bot/ros2_foxy/install/examples_rclpy_minimal_client:/home/bot/ros2_foxy/install/examples_rclpy_minimal_action_server:/home/bot/ros2_foxy/install/examples_rclpy_minimal_action_client:/home/bot/ros2_foxy/install/examples_rclpy_executors:/home/bot/ros2_foxy/install/demo_nodes_py:/home/bot/ros2_foxy/install/action_tutorials_py:/home/bot/ros2_foxy/install/ament_uncrustify:/home/bot/ros2_foxy/install/tracetools_trace:/home/bot/ros2_foxy/install/tracetools_read:/home/bot/ros2_foxy/install/test_launch_ros:/home/bot/ros2_foxy/install/rpyutils:/home/bot/ros2_foxy/install/rosidl_runtime_py:/home/bot/ros2_foxy/install/launch_yaml:/home/bot/ros2_foxy/install/launch_xml:/home/bot/ros2_foxy/install/launch_testing:/home/bot/ros2_foxy/install/launch:/home/bot/ros2_foxy/install/osrf_pycommon:/home/bot/ros2_foxy/install/domain_coordinator:/home/bot/ros2_foxy/install/ament_xmllint:/home/bot/ros2_foxy/install/ament_pyflakes:/home/bot/ros2_foxy/install/ament_pycodestyle:/home/bot/ros2_foxy/install/ament_pep257:/home/bot/ros2_foxy/install/ament_pclint:/home/bot/ros2_foxy/install/ament_package:/home/bot/ros2_foxy/install/ament_mypy:/home/bot/ros2_foxy/install/ament_lint_cmake:/home/bot/ros2_foxy/install/ament_flake8:/home/bot/ros2_foxy/install/ament_copyright:/home/bot/ros2_foxy/install/ament_lint:/home/bot/ros2_foxy/install/ament_index_python:/home/bot/ros2_foxy/install/ament_cpplint:/home/bot/ros2_foxy/install/ament_cppcheck:/home/bot/ros2_foxy/install/ament_clang_tidy:/home/bot/ros2_foxy/install/ament_clang_format HISTTIMEFORMAT=%F %T /usr/bin/cmake /home/bot/tutorial/tutorial_ws/src/tutorial_hello_world -DCMAKE_INSTALL_PREFIX=/home/bot/tutorial/tutorial_ws/src/install/tutorial_hello_world
[3.719s] DEBUG:colcon.colcon_core.event_handler.log_command:Invoking command in '/home/bot/tutorial/tutorial_ws/src/build/tutorial_hello_world': CMAKE_PREFIX_PATH=${CMAKE_PREFIX_PATH}:/home/bot/ros2_foxy/install/ros2bag:/home/bot/ros2_foxy/install/tracetools_launch:/home/bot/ros2_foxy/install/topic_monitor:/home/bot/ros2_foxy/install/examples_tf2_py:/home/bot/ros2_foxy/install/sros2:/home/bot/ros2_foxy/install/rqt_topic:/home/bot/ros2_foxy/install/rqt_reconfigure:/home/bot/ros2_foxy/install/rqt_action:/home/bot/ros2_foxy/install/rqt:/home/bot/ros2_foxy/install/rqt_graph:/home/bot/ros2_foxy/install/rqt_gui_py:/home/bot/ros2_foxy/install/rqt_gui:/home/bot/ros2_foxy/install/ros2trace:/home/bot/ros2_foxy/install/ros2topic:/home/bot/ros2_foxy/install/ros2test:/home/bot/ros2_foxy/install/ros2component:/home/bot/ros2_foxy/install/ros2param:/home/bot/ros2_foxy/install/ros2lifecycle:/home/bot/ros2_foxy/install/ros2service:/home/bot/ros2_foxy/install/ros2run:/home/bot/ros2_foxy/install/ros2launch:/home/bot/ros2_foxy/install/ros2pkg:/home/bot/ros2_foxy/install/ros2node:/home/bot/ros2_foxy/install/ros2multicast:/home/bot/ros2_foxy/install/ros2interface:/home/bot/ros2_foxy/install/ros2doctor:/home/bot/ros2_foxy/install/ros2action:/home/bot/ros2_foxy/install/ros2cli:/home/bot/ros2_foxy/install/quality_of_service_demo_py:/home/bot/ros2_foxy/install/launch_testing_ros:/home/bot/ros2_foxy/install/launch_ros:/home/bot/ros2_foxy/install/examples_rclpy_minimal_subscriber:/home/bot/ros2_foxy/install/examples_rclpy_minimal_service:/home/bot/ros2_foxy/install/examples_rclpy_minimal_publisher:/home/bot/ros2_foxy/install/examples_rclpy_minimal_client:/home/bot/ros2_foxy/install/examples_rclpy_minimal_action_server:/home/bot/ros2_foxy/install/examples_rclpy_minimal_action_client:/home/bot/ros2_foxy/install/examples_rclpy_executors:/home/bot/ros2_foxy/install/demo_nodes_py:/home/bot/ros2_foxy/install/action_tutorials_py:/home/bot/ros2_foxy/install/ament_uncrustify:/home/bot/ros2_foxy/install/tracetools_trace:/home/bot/ros2_foxy/install/tracetools_read:/home/bot/ros2_foxy/install/test_launch_ros:/home/bot/ros2_foxy/install/rpyutils:/home/bot/ros2_foxy/install/rosidl_runtime_py:/home/bot/ros2_foxy/install/launch_yaml:/home/bot/ros2_foxy/install/launch_xml:/home/bot/ros2_foxy/install/launch_testing:/home/bot/ros2_foxy/install/launch:/home/bot/ros2_foxy/install/osrf_pycommon:/home/bot/ros2_foxy/install/domain_coordinator:/home/bot/ros2_foxy/install/ament_xmllint:/home/bot/ros2_foxy/install/ament_pyflakes:/home/bot/ros2_foxy/install/ament_pycodestyle:/home/bot/ros2_foxy/install/ament_pep257:/home/bot/ros2_foxy/install/ament_pclint:/home/bot/ros2_foxy/install/ament_package:/home/bot/ros2_foxy/install/ament_mypy:/home/bot/ros2_foxy/install/ament_lint_cmake:/home/bot/ros2_foxy/install/ament_flake8:/home/bot/ros2_foxy/install/ament_copyright:/home/bot/ros2_foxy/install/ament_lint:/home/bot/ros2_foxy/install/ament_index_python:/home/bot/ros2_foxy/install/ament_cpplint:/home/bot/ros2_foxy/install/ament_cppcheck:/home/bot/ros2_foxy/install/ament_clang_tidy:/home/bot/ros2_foxy/install/ament_clang_format HISTTIMEFORMAT=%F %T /usr/bin/cmake --build /home/bot/tutorial/tutorial_ws/src/build/tutorial_hello_world -- -j12 -l12
[4.007s] DEBUG:colcon.colcon_core.event_handler.log_command:Invoked command in '/home/bot/tutorial/tutorial_ws/src/build/tutorial_hello_world' returned '0': CMAKE_PREFIX_PATH=${CMAKE_PREFIX_PATH}:/home/bot/ros2_foxy/install/ros2bag:/home/bot/ros2_foxy/install/tracetools_launch:/home/bot/ros2_foxy/install/topic_monitor:/home/bot/ros2_foxy/install/examples_tf2_py:/home/bot/ros2_foxy/install/sros2:/home/bot/ros2_foxy/install/rqt_topic:/home/bot/ros2_foxy/install/rqt_reconfigure:/home/bot/ros2_foxy/install/rqt_action:/home/bot/ros2_foxy/install/rqt:/home/bot/ros2_foxy/install/rqt_graph:/home/bot/ros2_foxy/install/rqt_gui_py:/home/bot/ros2_foxy/install/rqt_gui:/home/bot/ros2_foxy/install/ros2trace:/home/bot/ros2_foxy/install/ros2topic:/home/bot/ros2_foxy/install/ros2test:/home/bot/ros2_foxy/install/ros2component:/home/bot/ros2_foxy/install/ros2param:/home/bot/ros2_foxy/install/ros2lifecycle:/home/bot/ros2_foxy/install/ros2service:/home/bot/ros2_foxy/install/ros2run:/home/bot/ros2_foxy/install/ros2launch:/home/bot/ros2_foxy/install/ros2pkg:/home/bot/ros2_foxy/install/ros2node:/home/bot/ros2_foxy/install/ros2multicast:/home/bot/ros2_foxy/install/ros2interface:/home/bot/ros2_foxy/install/ros2doctor:/home/bot/ros2_foxy/install/ros2action:/home/bot/ros2_foxy/install/ros2cli:/home/bot/ros2_foxy/install/quality_of_service_demo_py:/home/bot/ros2_foxy/install/launch_testing_ros:/home/bot/ros2_foxy/install/launch_ros:/home/bot/ros2_foxy/install/examples_rclpy_minimal_subscriber:/home/bot/ros2_foxy/install/examples_rclpy_minimal_service:/home/bot/ros2_foxy/install/examples_rclpy_minimal_publisher:/home/bot/ros2_foxy/install/examples_rclpy_minimal_client:/home/bot/ros2_foxy/install/examples_rclpy_minimal_action_server:/home/bot/ros2_foxy/install/examples_rclpy_minimal_action_client:/home/bot/ros2_foxy/install/examples_rclpy_executors:/home/bot/ros2_foxy/install/demo_nodes_py:/home/bot/ros2_foxy/install/action_tutorials_py:/home/bot/ros2_foxy/install/ament_uncrustify:/home/bot/ros2_foxy/install/tracetools_trace:/home/bot/ros2_foxy/install/tracetools_read:/home/bot/ros2_foxy/install/test_launch_ros:/home/bot/ros2_foxy/install/rpyutils:/home/bot/ros2_foxy/install/rosidl_runtime_py:/home/bot/ros2_foxy/install/launch_yaml:/home/bot/ros2_foxy/install/launch_xml:/home/bot/ros2_foxy/install/launch_testing:/home/bot/ros2_foxy/install/launch:/home/bot/ros2_foxy/install/osrf_pycommon:/home/bot/ros2_foxy/install/domain_coordinator:/home/bot/ros2_foxy/install/ament_xmllint:/home/bot/ros2_foxy/install/ament_pyflakes:/home/bot/ros2_foxy/install/ament_pycodestyle:/home/bot/ros2_foxy/install/ament_pep257:/home/bot/ros2_foxy/install/ament_pclint:/home/bot/ros2_foxy/install/ament_package:/home/bot/ros2_foxy/install/ament_mypy:/home/bot/ros2_foxy/install/ament_lint_cmake:/home/bot/ros2_foxy/install/ament_flake8:/home/bot/ros2_foxy/install/ament_copyright:/home/bot/ros2_foxy/install/ament_lint:/home/bot/ros2_foxy/install/ament_index_python:/home/bot/ros2_foxy/install/ament_cpplint:/home/bot/ros2_foxy/install/ament_cppcheck:/home/bot/ros2_foxy/install/ament_clang_tidy:/home/bot/ros2_foxy/install/ament_clang_format HISTTIMEFORMAT=%F %T /usr/bin/cmake --build /home/bot/tutorial/tutorial_ws/src/build/tutorial_hello_world -- -j12 -l12
[4.108s] DEBUG:colcon.colcon_core.event_handler.log_command:Invoking command in '/home/bot/tutorial/tutorial_ws/src/build/tutorial_hello_world': CMAKE_PREFIX_PATH=${CMAKE_PREFIX_PATH}:/home/bot/ros2_foxy/install/ros2bag:/home/bot/ros2_foxy/install/tracetools_launch:/home/bot/ros2_foxy/install/topic_monitor:/home/bot/ros2_foxy/install/examples_tf2_py:/home/bot/ros2_foxy/install/sros2:/home/bot/ros2_foxy/install/rqt_topic:/home/bot/ros2_foxy/install/rqt_reconfigure:/home/bot/ros2_foxy/install/rqt_action:/home/bot/ros2_foxy/install/rqt:/home/bot/ros2_foxy/install/rqt_graph:/home/bot/ros2_foxy/install/rqt_gui_py:/home/bot/ros2_foxy/install/rqt_gui:/home/bot/ros2_foxy/install/ros2trace:/home/bot/ros2_foxy/install/ros2topic:/home/bot/ros2_foxy/install/ros2test:/home/bot/ros2_foxy/install/ros2component:/home/bot/ros2_foxy/install/ros2param:/home/bot/ros2_foxy/install/ros2lifecycle:/home/bot/ros2_foxy/install/ros2service:/home/bot/ros2_foxy/install/ros2run:/home/bot/ros2_foxy/install/ros2launch:/home/bot/ros2_foxy/install/ros2pkg:/home/bot/ros2_foxy/install/ros2node:/home/bot/ros2_foxy/install/ros2multicast:/home/bot/ros2_foxy/install/ros2interface:/home/bot/ros2_foxy/install/ros2doctor:/home/bot/ros2_foxy/install/ros2action:/home/bot/ros2_foxy/install/ros2cli:/home/bot/ros2_foxy/install/quality_of_service_demo_py:/home/bot/ros2_foxy/install/launch_testing_ros:/home/bot/ros2_foxy/install/launch_ros:/home/bot/ros2_foxy/install/examples_rclpy_minimal_subscriber:/home/bot/ros2_foxy/install/examples_rclpy_minimal_service:/home/bot/ros2_foxy/install/examples_rclpy_minimal_publisher:/home/bot/ros2_foxy/install/examples_rclpy_minimal_client:/home/bot/ros2_foxy/install/examples_rclpy_minimal_action_server:/home/bot/ros2_foxy/install/examples_rclpy_minimal_action_client:/home/bot/ros2_foxy/install/examples_rclpy_executors:/home/bot/ros2_foxy/install/demo_nodes_py:/home/bot/ros2_foxy/install/action_tutorials_py:/home/bot/ros2_foxy/install/ament_uncrustify:/home/bot/ros2_foxy/install/tracetools_trace:/home/bot/ros2_foxy/install/tracetools_read:/home/bot/ros2_foxy/install/test_launch_ros:/home/bot/ros2_foxy/install/rpyutils:/home/bot/ros2_foxy/install/rosidl_runtime_py:/home/bot/ros2_foxy/install/launch_yaml:/home/bot/ros2_foxy/install/launch_xml:/home/bot/ros2_foxy/install/launch_testing:/home/bot/ros2_foxy/install/launch:/home/bot/ros2_foxy/install/osrf_pycommon:/home/bot/ros2_foxy/install/domain_coordinator:/home/bot/ros2_foxy/install/ament_xmllint:/home/bot/ros2_foxy/install/ament_pyflakes:/home/bot/ros2_foxy/install/ament_pycodestyle:/home/bot/ros2_foxy/install/ament_pep257:/home/bot/ros2_foxy/install/ament_pclint:/home/bot/ros2_foxy/install/ament_package:/home/bot/ros2_foxy/install/ament_mypy:/home/bot/ros2_foxy/install/ament_lint_cmake:/home/bot/ros2_foxy/install/ament_flake8:/home/bot/ros2_foxy/install/ament_copyright:/home/bot/ros2_foxy/install/ament_lint:/home/bot/ros2_foxy/install/ament_index_python:/home/bot/ros2_foxy/install/ament_cpplint:/home/bot/ros2_foxy/install/ament_cppcheck:/home/bot/ros2_foxy/install/ament_clang_tidy:/home/bot/ros2_foxy/install/ament_clang_format HISTTIMEFORMAT=%F %T /usr/bin/cmake --build /home/bot/tutorial/tutorial_ws/src/build/tutorial_hello_world --target install -- -j12 -l12
[4.296s] Level 1:colcon.colcon_core.environment:create_environment_scripts_only(tutorial_hello_world)
[4.298s] DEBUG:colcon.colcon_core.event_handler.log_command:Invoked command in '/home/bot/tutorial/tutorial_ws/src/build/tutorial_hello_world' returned '0': CMAKE_PREFIX_PATH=${CMAKE_PREFIX_PATH}:/home/bot/ros2_foxy/install/ros2bag:/home/bot/ros2_foxy/install/tracetools_launch:/home/bot/ros2_foxy/install/topic_monitor:/home/bot/ros2_foxy/install/examples_tf2_py:/home/bot/ros2_foxy/install/sros2:/home/bot/ros2_foxy/install/rqt_topic:/home/bot/ros2_foxy/install/rqt_reconfigure:/home/bot/ros2_foxy/install/rqt_action:/home/bot/ros2_foxy/install/rqt:/home/bot/ros2_foxy/install/rqt_graph:/home/bot/ros2_foxy/install/rqt_gui_py:/home/bot/ros2_foxy/install/rqt_gui:/home/bot/ros2_foxy/install/ros2trace:/home/bot/ros2_foxy/install/ros2topic:/home/bot/ros2_foxy/install/ros2test:/home/bot/ros2_foxy/install/ros2component:/home/bot/ros2_foxy/install/ros2param:/home/bot/ros2_foxy/install/ros2lifecycle:/home/bot/ros2_foxy/install/ros2service:/home/bot/ros2_foxy/install/ros2run:/home/bot/ros2_foxy/install/ros2launch:/home/bot/ros2_foxy/install/ros2pkg:/home/bot/ros2_foxy/install/ros2node:/home/bot/ros2_foxy/install/ros2multicast:/home/bot/ros2_foxy/install/ros2interface:/home/bot/ros2_foxy/install/ros2doctor:/home/bot/ros2_foxy/install/ros2action:/home/bot/ros2_foxy/install/ros2cli:/home/bot/ros2_foxy/install/quality_of_service_demo_py:/home/bot/ros2_foxy/install/launch_testing_ros:/home/bot/ros2_foxy/install/launch_ros:/home/bot/ros2_foxy/install/examples_rclpy_minimal_subscriber:/home/bot/ros2_foxy/install/examples_rclpy_minimal_service:/home/bot/ros2_foxy/install/examples_rclpy_minimal_publisher:/home/bot/ros2_foxy/install/examples_rclpy_minimal_client:/home/bot/ros2_foxy/install/examples_rclpy_minimal_action_server:/home/bot/ros2_foxy/install/examples_rclpy_minimal_action_client:/home/bot/ros2_foxy/install/examples_rclpy_executors:/home/bot/ros2_foxy/install/demo_nodes_py:/home/bot/ros2_foxy/install/action_tutorials_py:/home/bot/ros2_foxy/install/ament_uncrustify:/home/bot/ros2_foxy/install/tracetools_trace:/home/bot/ros2_foxy/install/tracetools_read:/home/bot/ros2_foxy/install/test_launch_ros:/home/bot/ros2_foxy/install/rpyutils:/home/bot/ros2_foxy/install/rosidl_runtime_py:/home/bot/ros2_foxy/install/launch_yaml:/home/bot/ros2_foxy/install/launch_xml:/home/bot/ros2_foxy/install/launch_testing:/home/bot/ros2_foxy/install/launch:/home/bot/ros2_foxy/install/osrf_pycommon:/home/bot/ros2_foxy/install/domain_coordinator:/home/bot/ros2_foxy/install/ament_xmllint:/home/bot/ros2_foxy/install/ament_pyflakes:/home/bot/ros2_foxy/install/ament_pycodestyle:/home/bot/ros2_foxy/install/ament_pep257:/home/bot/ros2_foxy/install/ament_pclint:/home/bot/ros2_foxy/install/ament_package:/home/bot/ros2_foxy/install/ament_mypy:/home/bot/ros2_foxy/install/ament_lint_cmake:/home/bot/ros2_foxy/install/ament_flake8:/home/bot/ros2_foxy/install/ament_copyright:/home/bot/ros2_foxy/install/ament_lint:/home/bot/ros2_foxy/install/ament_index_python:/home/bot/ros2_foxy/install/ament_cpplint:/home/bot/ros2_foxy/install/ament_cppcheck:/home/bot/ros2_foxy/install/ament_clang_tidy:/home/bot/ros2_foxy/install/ament_clang_format HISTTIMEFORMAT=%F %T /usr/bin/cmake --build /home/bot/tutorial/tutorial_ws/src/build/tutorial_hello_world --target install -- -j12 -l12
[4.311s] Level 1:colcon.colcon_core.environment:checking '/home/bot/tutorial/tutorial_ws/src/install/tutorial_hello_world' for CMake module files
[4.311s] Level 1:colcon.colcon_core.environment:checking '/home/bot/tutorial/tutorial_ws/src/install/tutorial_hello_world' for CMake config files
[4.311s] Level 1:colcon.colcon_core.shell:create_environment_hook('tutorial_hello_world', 'cmake_prefix_path')
[4.312s] INFO:colcon.colcon_core.shell:Creating environment hook '/home/bot/tutorial/tutorial_ws/src/install/tutorial_hello_world/share/tutorial_hello_world/hook/cmake_prefix_path.ps1'
[4.313s] INFO:colcon.colcon_core.shell:Creating environment descriptor '/home/bot/tutorial/tutorial_ws/src/install/tutorial_hello_world/share/tutorial_hello_world/hook/cmake_prefix_path.dsv'
[4.313s] INFO:colcon.colcon_core.shell:Creating environment hook '/home/bot/tutorial/tutorial_ws/src/install/tutorial_hello_world/share/tutorial_hello_world/hook/cmake_prefix_path.sh'
[4.314s] Level 1:colcon.colcon_core.environment:checking '/home/bot/tutorial/tutorial_ws/src/install/tutorial_hello_world/lib'
[4.314s] Level 1:colcon.colcon_core.environment:checking '/home/bot/tutorial/tutorial_ws/src/install/tutorial_hello_world/bin'
[4.314s] Level 1:colcon.colcon_core.environment:checking '/home/bot/tutorial/tutorial_ws/src/install/tutorial_hello_world/lib/pkgconfig/tutorial_hello_world.pc'
[4.314s] Level 1:colcon.colcon_core.environment:checking '/home/bot/tutorial/tutorial_ws/src/install/tutorial_hello_world/lib/python3.7/site-packages'
[4.315s] INFO:colcon.colcon_core.shell:Creating package script '/home/bot/tutorial/tutorial_ws/src/install/tutorial_hello_world/share/tutorial_hello_world/package.ps1'
[4.316s] INFO:colcon.colcon_core.shell:Creating package descriptor '/home/bot/tutorial/tutorial_ws/src/install/tutorial_hello_world/share/tutorial_hello_world/package.dsv'
[4.316s] INFO:colcon.colcon_core.shell:Creating package script '/home/bot/tutorial/tutorial_ws/src/install/tutorial_hello_world/share/tutorial_hello_world/package.sh'
[4.317s] INFO:colcon.colcon_core.shell:Creating package script '/home/bot/tutorial/tutorial_ws/src/install/tutorial_hello_world/share/tutorial_hello_world/package.bash'
[4.317s] INFO:colcon.colcon_core.shell:Creating package script '/home/bot/tutorial/tutorial_ws/src/install/tutorial_hello_world/share/tutorial_hello_world/package.zsh'
[4.318s] Level 1:colcon.colcon_core.environment:create_file_with_runtime_dependencies(/home/bot/tutorial/tutorial_ws/src/install/tutorial_hello_world/share/colcon-core/packages/tutorial_hello_world)
[4.395s] Level 1:colcon.colcon_core.environment:create_environment_scripts_only(tutorial_hello_world)
[4.398s] Level 1:colcon.colcon_core.environment:checking '/home/bot/tutorial/tutorial_ws/src/install/tutorial_hello_world' for CMake module files
[4.399s] Level 1:colcon.colcon_core.environment:checking '/home/bot/tutorial/tutorial_ws/src/install/tutorial_hello_world' for CMake config files
[4.400s] Level 1:colcon.colcon_core.shell:create_environment_hook('tutorial_hello_world', 'cmake_prefix_path')
[4.401s] INFO:colcon.colcon_core.shell:Creating environment hook '/home/bot/tutorial/tutorial_ws/src/install/tutorial_hello_world/share/tutorial_hello_world/hook/cmake_prefix_path.ps1'
[4.401s] INFO:colcon.colcon_core.shell:Creating environment descriptor '/home/bot/tutorial/tutorial_ws/src/install/tutorial_hello_world/share/tutorial_hello_world/hook/cmake_prefix_path.dsv'
[4.402s] INFO:colcon.colcon_core.shell:Creating environment hook '/home/bot/tutorial/tutorial_ws/src/install/tutorial_hello_world/share/tutorial_hello_world/hook/cmake_prefix_path.sh'
[4.402s] Level 1:colcon.colcon_core.environment:checking '/home/bot/tutorial/tutorial_ws/src/install/tutorial_hello_world/lib'
[4.403s] Level 1:colcon.colcon_core.environment:checking '/home/bot/tutorial/tutorial_ws/src/install/tutorial_hello_world/bin'
[4.403s] Level 1:colcon.colcon_core.environment:checking '/home/bot/tutorial/tutorial_ws/src/install/tutorial_hello_world/lib/pkgconfig/tutorial_hello_world.pc'
[4.403s] Level 1:colcon.colcon_core.environment:checking '/home/bot/tutorial/tutorial_ws/src/install/tutorial_hello_world/lib/python3.7/site-packages'
[4.404s] INFO:colcon.colcon_core.shell:Creating package script '/home/bot/tutorial/tutorial_ws/src/install/tutorial_hello_world/share/tutorial_hello_world/package.ps1'
[4.405s] INFO:colcon.colcon_core.shell:Creating package descriptor '/home/bot/tutorial/tutorial_ws/src/install/tutorial_hello_world/share/tutorial_hello_world/package.dsv'
[4.405s] INFO:colcon.colcon_core.shell:Creating package script '/home/bot/tutorial/tutorial_ws/src/install/tutorial_hello_world/share/tutorial_hello_world/package.sh'
[4.406s] INFO:colcon.colcon_core.shell:Creating package script '/home/bot/tutorial/tutorial_ws/src/install/tutorial_hello_world/share/tutorial_hello_world/package.bash'
[4.406s] INFO:colcon.colcon_core.shell:Creating package script '/home/bot/tutorial/tutorial_ws/src/install/tutorial_hello_world/share/tutorial_hello_world/package.zsh'
[4.407s] Level 1:colcon.colcon_core.environment:create_file_with_runtime_dependencies(/home/bot/tutorial/tutorial_ws/src/install/tutorial_hello_world/share/colcon-core/packages/tutorial_hello_world)
[4.595s] DEBUG:colcon.colcon_core.event_handler.log_command:Invoked command in '/home/bot/tutorial/tutorial_ws/src/build/tutorial_interfaces' returned '1': CMAKE_PREFIX_PATH=${CMAKE_PREFIX_PATH}:/home/bot/ros2_foxy/install/ros2bag:/home/bot/ros2_foxy/install/tracetools_launch:/home/bot/ros2_foxy/install/topic_monitor:/home/bot/ros2_foxy/install/examples_tf2_py:/home/bot/ros2_foxy/install/sros2:/home/bot/ros2_foxy/install/rqt_topic:/home/bot/ros2_foxy/install/rqt_reconfigure:/home/bot/ros2_foxy/install/rqt_action:/home/bot/ros2_foxy/install/rqt:/home/bot/ros2_foxy/install/rqt_graph:/home/bot/ros2_foxy/install/rqt_gui_py:/home/bot/ros2_foxy/install/rqt_gui:/home/bot/ros2_foxy/install/ros2trace:/home/bot/ros2_foxy/install/ros2topic:/home/bot/ros2_foxy/install/ros2test:/home/bot/ros2_foxy/install/ros2component:/home/bot/ros2_foxy/install/ros2param:/home/bot/ros2_foxy/install/ros2lifecycle:/home/bot/ros2_foxy/install/ros2service:/home/bot/ros2_foxy/install/ros2run:/home/bot/ros2_foxy/install/ros2launch:/home/bot/ros2_foxy/install/ros2pkg:/home/bot/ros2_foxy/install/ros2node:/home/bot/ros2_foxy/install/ros2multicast:/home/bot/ros2_foxy/install/ros2interface:/home/bot/ros2_foxy/install/ros2doctor:/home/bot/ros2_foxy/install/ros2action:/home/bot/ros2_foxy/install/ros2cli:/home/bot/ros2_foxy/install/quality_of_service_demo_py:/home/bot/ros2_foxy/install/launch_testing_ros:/home/bot/ros2_foxy/install/launch_ros:/home/bot/ros2_foxy/install/examples_rclpy_minimal_subscriber:/home/bot/ros2_foxy/install/examples_rclpy_minimal_service:/home/bot/ros2_foxy/install/examples_rclpy_minimal_publisher:/home/bot/ros2_foxy/install/examples_rclpy_minimal_client:/home/bot/ros2_foxy/install/examples_rclpy_minimal_action_server:/home/bot/ros2_foxy/install/examples_rclpy_minimal_action_client:/home/bot/ros2_foxy/install/examples_rclpy_executors:/home/bot/ros2_foxy/install/demo_nodes_py:/home/bot/ros2_foxy/install/action_tutorials_py:/home/bot/ros2_foxy/install/ament_uncrustify:/home/bot/ros2_foxy/install/tracetools_trace:/home/bot/ros2_foxy/install/tracetools_read:/home/bot/ros2_foxy/install/test_launch_ros:/home/bot/ros2_foxy/install/rpyutils:/home/bot/ros2_foxy/install/rosidl_runtime_py:/home/bot/ros2_foxy/install/launch_yaml:/home/bot/ros2_foxy/install/launch_xml:/home/bot/ros2_foxy/install/launch_testing:/home/bot/ros2_foxy/install/launch:/home/bot/ros2_foxy/install/osrf_pycommon:/home/bot/ros2_foxy/install/domain_coordinator:/home/bot/ros2_foxy/install/ament_xmllint:/home/bot/ros2_foxy/install/ament_pyflakes:/home/bot/ros2_foxy/install/ament_pycodestyle:/home/bot/ros2_foxy/install/ament_pep257:/home/bot/ros2_foxy/install/ament_pclint:/home/bot/ros2_foxy/install/ament_package:/home/bot/ros2_foxy/install/ament_mypy:/home/bot/ros2_foxy/install/ament_lint_cmake:/home/bot/ros2_foxy/install/ament_flake8:/home/bot/ros2_foxy/install/ament_copyright:/home/bot/ros2_foxy/install/ament_lint:/home/bot/ros2_foxy/install/ament_index_python:/home/bot/ros2_foxy/install/ament_cpplint:/home/bot/ros2_foxy/install/ament_cppcheck:/home/bot/ros2_foxy/install/ament_clang_tidy:/home/bot/ros2_foxy/install/ament_clang_format HISTTIMEFORMAT=%F %T /usr/bin/cmake /home/bot/tutorial/tutorial_ws/src/tutorial_interfaces -DCMAKE_INSTALL_PREFIX=/home/bot/tutorial/tutorial_ws/src/install/tutorial_interfaces
[4.626s] Level 1:colcon.colcon_core.environment:create_environment_scripts_only(tutorial_interfaces)
[4.627s] Level 1:colcon.colcon_core.environment:checking '/home/bot/tutorial/tutorial_ws/src/install/tutorial_interfaces' for CMake module files
[4.627s] Level 1:colcon.colcon_core.environment:checking '/home/bot/tutorial/tutorial_ws/src/install/tutorial_interfaces' for CMake config files
[4.628s] Level 1:colcon.colcon_core.environment:checking '/home/bot/tutorial/tutorial_ws/src/install/tutorial_interfaces/bin'
[4.628s] Level 1:colcon.colcon_core.environment:checking '/home/bot/tutorial/tutorial_ws/src/install/tutorial_interfaces/lib/pkgconfig/tutorial_interfaces.pc'
[4.628s] Level 1:colcon.colcon_core.environment:checking '/home/bot/tutorial/tutorial_ws/src/install/tutorial_interfaces/lib/python3.7/site-packages'
[4.629s] INFO:colcon.colcon_core.shell:Creating package script '/home/bot/tutorial/tutorial_ws/src/install/tutorial_interfaces/share/tutorial_interfaces/package.ps1'
[4.629s] INFO:colcon.colcon_core.shell:Creating package descriptor '/home/bot/tutorial/tutorial_ws/src/install/tutorial_interfaces/share/tutorial_interfaces/package.dsv'
[4.630s] INFO:colcon.colcon_core.shell:Creating package script '/home/bot/tutorial/tutorial_ws/src/install/tutorial_interfaces/share/tutorial_interfaces/package.sh'
[4.630s] INFO:colcon.colcon_core.shell:Creating package script '/home/bot/tutorial/tutorial_ws/src/install/tutorial_interfaces/share/tutorial_interfaces/package.bash'
[4.630s] INFO:colcon.colcon_core.shell:Creating package script '/home/bot/tutorial/tutorial_ws/src/install/tutorial_interfaces/share/tutorial_interfaces/package.zsh'
[4.630s] Level 1:colcon.colcon_core.environment:create_file_with_runtime_dependencies(/home/bot/tutorial/tutorial_ws/src/install/tutorial_interfaces/share/colcon-core/packages/tutorial_interfaces)
[5.850s] DEBUG:colcon.colcon_parallel_executor.executor.parallel:closing loop
[5.850s] DEBUG:colcon.colcon_parallel_executor.executor.parallel:loop closed
[5.851s] DEBUG:colcon.colcon_parallel_executor.executor.parallel:run_until_complete finished with '1'
[5.851s] DEBUG:colcon.colcon_core.event_reactor:joining thread
[5.869s] INFO:colcon.colcon_core.plugin_system:Skipping extension 'colcon_notification.desktop_notification.notify_send': Could not find 'notify-send'
[5.869s] INFO:colcon.colcon_core.plugin_system:Skipping extension 'colcon_notification.desktop_notification.terminal_notifier': Not used on non-Darwin systems
[5.869s] INFO:colcon.colcon_core.plugin_system:Skipping extension 'colcon_notification.desktop_notification.win32': Not used on non-Windows systems
[5.869s] INFO:colcon.colcon_notification.desktop_notification:Sending desktop notification using 'notify2'
[5.873s] DEBUG:colcon.colcon_core.event_reactor:joined thread
[5.876s] INFO:colcon.colcon_core.shell:Creating prefix script '/home/bot/tutorial/tutorial_ws/src/install/local_setup.ps1'
[5.877s] INFO:colcon.colcon_core.shell:Creating prefix util module '/home/bot/tutorial/tutorial_ws/src/install/_local_setup_util_ps1.py'
[5.879s] INFO:colcon.colcon_core.shell:Creating prefix chain script '/home/bot/tutorial/tutorial_ws/src/install/setup.ps1'
[5.901s] INFO:colcon.colcon_core.shell:Creating prefix script '/home/bot/tutorial/tutorial_ws/src/install/local_setup.sh'
[5.901s] INFO:colcon.colcon_core.shell:Creating prefix util module '/home/bot/tutorial/tutorial_ws/src/install/_local_setup_util_sh.py'
[5.901s] INFO:colcon.colcon_core.shell:Creating prefix chain script '/home/bot/tutorial/tutorial_ws/src/install/setup.sh'
[5.916s] INFO:colcon.colcon_core.shell:Creating prefix script '/home/bot/tutorial/tutorial_ws/src/install/local_setup.bash'
[5.916s] INFO:colcon.colcon_core.shell:Creating prefix chain script '/home/bot/tutorial/tutorial_ws/src/install/setup.bash'
[5.930s] INFO:colcon.colcon_core.shell:Creating prefix script '/home/bot/tutorial/tutorial_ws/src/install/local_setup.zsh'
[5.930s] INFO:colcon.colcon_core.shell:Creating prefix chain script '/home/bot/tutorial/tutorial_ws/src/install/setup.zsh'
