running egg_info
creating build/tutorial_py/tutorial_py.egg-info
writing build/tutorial_py/tutorial_py.egg-info/PKG-INFO
writing dependency_links to build/tutorial_py/tutorial_py.egg-info/dependency_links.txt
writing entry points to build/tutorial_py/tutorial_py.egg-info/entry_points.txt
writing requirements to build/tutorial_py/tutorial_py.egg-info/requires.txt
writing top-level names to build/tutorial_py/tutorial_py.egg-info/top_level.txt
writing manifest file 'build/tutorial_py/tutorial_py.egg-info/SOURCES.txt'
reading manifest file 'build/tutorial_py/tutorial_py.egg-info/SOURCES.txt'
writing manifest file 'build/tutorial_py/tutorial_py.egg-info/SOURCES.txt'
running build
running build_py
creating /home/root/dev/tutorial_ros2/src/tutorial_py/build/tutorial_py/build
creating /home/root/dev/tutorial_ros2/src/tutorial_py/build/tutorial_py/build/lib
creating /home/root/dev/tutorial_ros2/src/tutorial_py/build/tutorial_py/build/lib/tutorial_py
copying tutorial_py/__init__.py -> /home/root/dev/tutorial_ros2/src/tutorial_py/build/tutorial_py/build/lib/tutorial_py
copying tutorial_py/service_member_function.py -> /home/root/dev/tutorial_ros2/src/tutorial_py/build/tutorial_py/build/lib/tutorial_py
copying tutorial_py/client_member_function.py -> /home/root/dev/tutorial_ros2/src/tutorial_py/build/tutorial_py/build/lib/tutorial_py
running install
running install_lib
creating /home/root/dev/tutorial_ros2/src/tutorial_py/install/tutorial_py/lib/python3.8/site-packages/tutorial_py
copying /home/root/dev/tutorial_ros2/src/tutorial_py/build/tutorial_py/build/lib/tutorial_py/__init__.py -> /home/root/dev/tutorial_ros2/src/tutorial_py/install/tutorial_py/lib/python3.8/site-packages/tutorial_py
copying /home/root/dev/tutorial_ros2/src/tutorial_py/build/tutorial_py/build/lib/tutorial_py/service_member_function.py -> /home/root/dev/tutorial_ros2/src/tutorial_py/install/tutorial_py/lib/python3.8/site-packages/tutorial_py
copying /home/root/dev/tutorial_ros2/src/tutorial_py/build/tutorial_py/build/lib/tutorial_py/client_member_function.py -> /home/root/dev/tutorial_ros2/src/tutorial_py/install/tutorial_py/lib/python3.8/site-packages/tutorial_py
byte-compiling /home/root/dev/tutorial_ros2/src/tutorial_py/install/tutorial_py/lib/python3.8/site-packages/tutorial_py/__init__.py to __init__.cpython-38.pyc
byte-compiling /home/root/dev/tutorial_ros2/src/tutorial_py/install/tutorial_py/lib/python3.8/site-packages/tutorial_py/service_member_function.py to service_member_function.cpython-38.pyc
byte-compiling /home/root/dev/tutorial_ros2/src/tutorial_py/install/tutorial_py/lib/python3.8/site-packages/tutorial_py/client_member_function.py to client_member_function.cpython-38.pyc
running install_data
creating /home/root/dev/tutorial_ros2/src/tutorial_py/install/tutorial_py/share/ament_index
creating /home/root/dev/tutorial_ros2/src/tutorial_py/install/tutorial_py/share/ament_index/resource_index
creating /home/root/dev/tutorial_ros2/src/tutorial_py/install/tutorial_py/share/ament_index/resource_index/packages
copying resource/tutorial_py -> /home/root/dev/tutorial_ros2/src/tutorial_py/install/tutorial_py/share/ament_index/resource_index/packages
copying package.xml -> /home/root/dev/tutorial_ros2/src/tutorial_py/install/tutorial_py/share/tutorial_py
running install_egg_info
Copying build/tutorial_py/tutorial_py.egg-info to /home/root/dev/tutorial_ros2/src/tutorial_py/install/tutorial_py/lib/python3.8/site-packages/tutorial_py-0.0.0-py3.8.egg-info
running install_scripts
Installing client script to /home/root/dev/tutorial_ros2/src/tutorial_py/install/tutorial_py/lib/tutorial_py
Installing service script to /home/root/dev/tutorial_ros2/src/tutorial_py/install/tutorial_py/lib/tutorial_py
writing list of installed files to '/home/root/dev/tutorial_ros2/src/tutorial_py/build/tutorial_py/install.log'
