running egg_info
writing build/tutorial_py/tutorial_py.egg-info/PKG-INFO
writing dependency_links to build/tutorial_py/tutorial_py.egg-info/dependency_links.txt
writing entry points to build/tutorial_py/tutorial_py.egg-info/entry_points.txt
writing requirements to build/tutorial_py/tutorial_py.egg-info/requires.txt
writing top-level names to build/tutorial_py/tutorial_py.egg-info/top_level.txt
reading manifest file 'build/tutorial_py/tutorial_py.egg-info/SOURCES.txt'
writing manifest file 'build/tutorial_py/tutorial_py.egg-info/SOURCES.txt'
running build
running build_py
running install
running install_lib
running install_data
running install_egg_info
removing '/home/root/dev/tutorial_ros2/src/tutorial_py/install/tutorial_py/lib/python3.8/site-packages/tutorial_py-0.0.0-py3.8.egg-info' (and everything under it)
Copying build/tutorial_py/tutorial_py.egg-info to /home/root/dev/tutorial_ros2/src/tutorial_py/install/tutorial_py/lib/python3.8/site-packages/tutorial_py-0.0.0-py3.8.egg-info
running install_scripts
Installing client script to /home/root/dev/tutorial_ros2/src/tutorial_py/install/tutorial_py/lib/tutorial_py
Installing service script to /home/root/dev/tutorial_ros2/src/tutorial_py/install/tutorial_py/lib/tutorial_py
writing list of installed files to '/home/root/dev/tutorial_ros2/src/tutorial_py/build/tutorial_py/install.log'
