Determining if the pthread_create exist failed with the following output:
Change Dir: /home/bot/tutorial/tutorial_ws/src/build/tutorial_service/CMakeFiles/CMakeTmp

Run Build Command:"/usr/bin/make" "cmTC_f5844/fast"
/usr/bin/make -f CMakeFiles/cmTC_f5844.dir/build.make CMakeFiles/cmTC_f5844.dir/build
make[1]: Entering directory '/home/bot/tutorial/tutorial_ws/src/build/tutorial_service/CMakeFiles/CMakeTmp'
Building C object CMakeFiles/cmTC_f5844.dir/CheckSymbolExists.c.o
/usr/bin/cc    -o CMakeFiles/cmTC_f5844.dir/CheckSymbolExists.c.o   -c /home/bot/tutorial/tutorial_ws/src/build/tutorial_service/CMakeFiles/CMakeTmp/CheckSymbolExists.c
Linking C executable cmTC_f5844
/usr/bin/cmake -E cmake_link_script CMakeFiles/cmTC_f5844.dir/link.txt --verbose=1
/usr/bin/cc      CMakeFiles/cmTC_f5844.dir/CheckSymbolExists.c.o  -o cmTC_f5844 
/usr/bin/ld: CMakeFiles/cmTC_f5844.dir/CheckSymbolExists.c.o: in function `main':
CheckSymbolExists.c:(.text+0x1b): undefined reference to `pthread_create'
collect2: error: ld returned 1 exit status
make[1]: *** [CMakeFiles/cmTC_f5844.dir/build.make:87: cmTC_f5844] Error 1
make[1]: Leaving directory '/home/bot/tutorial/tutorial_ws/src/build/tutorial_service/CMakeFiles/CMakeTmp'
make: *** [Makefile:121: cmTC_f5844/fast] Error 2

File /home/bot/tutorial/tutorial_ws/src/build/tutorial_service/CMakeFiles/CMakeTmp/CheckSymbolExists.c:
/* */
#include <pthread.h>

int main(int argc, char** argv)
{
  (void)argv;
#ifndef pthread_create
  return ((int*)(&pthread_create))[argc];
#else
  (void)argc;
  return 0;
#endif
}

Determining if the function pthread_create exists in the pthreads failed with the following output:
Change Dir: /home/bot/tutorial/tutorial_ws/src/build/tutorial_service/CMakeFiles/CMakeTmp

Run Build Command:"/usr/bin/make" "cmTC_cf333/fast"
/usr/bin/make -f CMakeFiles/cmTC_cf333.dir/build.make CMakeFiles/cmTC_cf333.dir/build
make[1]: Entering directory '/home/bot/tutorial/tutorial_ws/src/build/tutorial_service/CMakeFiles/CMakeTmp'
Building C object CMakeFiles/cmTC_cf333.dir/CheckFunctionExists.c.o
/usr/bin/cc   -DCHECK_FUNCTION_EXISTS=pthread_create   -o CMakeFiles/cmTC_cf333.dir/CheckFunctionExists.c.o   -c /usr/share/cmake-3.13/Modules/CheckFunctionExists.c
Linking C executable cmTC_cf333
/usr/bin/cmake -E cmake_link_script CMakeFiles/cmTC_cf333.dir/link.txt --verbose=1
/usr/bin/cc  -DCHECK_FUNCTION_EXISTS=pthread_create    CMakeFiles/cmTC_cf333.dir/CheckFunctionExists.c.o  -o cmTC_cf333 -lpthreads 
/usr/bin/ld: cannot find -lpthreads
collect2: error: ld returned 1 exit status
make[1]: *** [CMakeFiles/cmTC_cf333.dir/build.make:87: cmTC_cf333] Error 1
make[1]: Leaving directory '/home/bot/tutorial/tutorial_ws/src/build/tutorial_service/CMakeFiles/CMakeTmp'
make: *** [Makefile:121: cmTC_cf333/fast] Error 2


