[0.096s] Invoking command in '/home/bot/tutorial/tutorial_ws/src/build/tutorial_service': CMAKE_PREFIX_PATH=${CMAKE_PREFIX_PATH}:/home/bot/ros2_foxy/install/ros2bag:/home/bot/ros2_foxy/install/tracetools_launch:/home/bot/ros2_foxy/install/topic_monitor:/home/bot/ros2_foxy/install/examples_tf2_py:/home/bot/ros2_foxy/install/sros2:/home/bot/ros2_foxy/install/rqt_topic:/home/bot/ros2_foxy/install/rqt_reconfigure:/home/bot/ros2_foxy/install/rqt_action:/home/bot/ros2_foxy/install/rqt:/home/bot/ros2_foxy/install/rqt_graph:/home/bot/ros2_foxy/install/rqt_gui_py:/home/bot/ros2_foxy/install/rqt_gui:/home/bot/ros2_foxy/install/ros2trace:/home/bot/ros2_foxy/install/ros2topic:/home/bot/ros2_foxy/install/ros2test:/home/bot/ros2_foxy/install/ros2component:/home/bot/ros2_foxy/install/ros2param:/home/bot/ros2_foxy/install/ros2lifecycle:/home/bot/ros2_foxy/install/ros2service:/home/bot/ros2_foxy/install/ros2run:/home/bot/ros2_foxy/install/ros2launch:/home/bot/ros2_foxy/install/ros2pkg:/home/bot/ros2_foxy/install/ros2node:/home/bot/ros2_foxy/install/ros2multicast:/home/bot/ros2_foxy/install/ros2interface:/home/bot/ros2_foxy/install/ros2doctor:/home/bot/ros2_foxy/install/ros2action:/home/bot/ros2_foxy/install/ros2cli:/home/bot/ros2_foxy/install/quality_of_service_demo_py:/home/bot/ros2_foxy/install/launch_testing_ros:/home/bot/ros2_foxy/install/launch_ros:/home/bot/ros2_foxy/install/examples_rclpy_minimal_subscriber:/home/bot/ros2_foxy/install/examples_rclpy_minimal_service:/home/bot/ros2_foxy/install/examples_rclpy_minimal_publisher:/home/bot/ros2_foxy/install/examples_rclpy_minimal_client:/home/bot/ros2_foxy/install/examples_rclpy_minimal_action_server:/home/bot/ros2_foxy/install/examples_rclpy_minimal_action_client:/home/bot/ros2_foxy/install/examples_rclpy_executors:/home/bot/ros2_foxy/install/demo_nodes_py:/home/bot/ros2_foxy/install/action_tutorials_py:/home/bot/ros2_foxy/install/ament_uncrustify:/home/bot/ros2_foxy/install/tracetools_trace:/home/bot/ros2_foxy/install/tracetools_read:/home/bot/ros2_foxy/install/test_launch_ros:/home/bot/ros2_foxy/install/rpyutils:/home/bot/ros2_foxy/install/rosidl_runtime_py:/home/bot/ros2_foxy/install/launch_yaml:/home/bot/ros2_foxy/install/launch_xml:/home/bot/ros2_foxy/install/launch_testing:/home/bot/ros2_foxy/install/launch:/home/bot/ros2_foxy/install/osrf_pycommon:/home/bot/ros2_foxy/install/domain_coordinator:/home/bot/ros2_foxy/install/ament_xmllint:/home/bot/ros2_foxy/install/ament_pyflakes:/home/bot/ros2_foxy/install/ament_pycodestyle:/home/bot/ros2_foxy/install/ament_pep257:/home/bot/ros2_foxy/install/ament_pclint:/home/bot/ros2_foxy/install/ament_package:/home/bot/ros2_foxy/install/ament_mypy:/home/bot/ros2_foxy/install/ament_lint_cmake:/home/bot/ros2_foxy/install/ament_flake8:/home/bot/ros2_foxy/install/ament_copyright:/home/bot/ros2_foxy/install/ament_lint:/home/bot/ros2_foxy/install/ament_index_python:/home/bot/ros2_foxy/install/ament_cpplint:/home/bot/ros2_foxy/install/ament_cppcheck:/home/bot/ros2_foxy/install/ament_clang_tidy:/home/bot/ros2_foxy/install/ament_clang_format HISTTIMEFORMAT=%F %T /usr/bin/cmake /home/bot/tutorial/tutorial_ws/src/tutorial_service -DCMAKE_INSTALL_PREFIX=/home/bot/tutorial/tutorial_ws/src/install/tutorial_service
[0.192s] -- The C compiler identification is GNU 8.3.0
[0.324s] -- The CXX compiler identification is GNU 8.3.0
[0.343s] -- Check for working C compiler: /usr/bin/cc
[0.477s] -- Check for working C compiler: /usr/bin/cc -- works
[0.478s] -- Detecting C compiler ABI info
[0.621s] -- Detecting C compiler ABI info - done
[0.633s] -- Detecting C compile features
[1.035s] -- Detecting C compile features - done
[1.039s] -- Check for working CXX compiler: /usr/bin/c++
[1.237s] -- Check for working CXX compiler: /usr/bin/c++ -- works
[1.239s] -- Detecting CXX compiler ABI info
[1.436s] -- Detecting CXX compiler ABI info - done
[1.443s] -- Detecting CXX compile features
[2.418s] -- Detecting CXX compile features - done
[2.441s] -- Found ament_cmake: 0.9.8 (/home/bot/ros2_foxy/install/ament_cmake/share/ament_cmake/cmake)
[2.561s] -- Found PythonInterp: /usr/bin/python3 (found suitable version "3.7.3", minimum required is "3") 
[2.561s] -- Using PYTHON_EXECUTABLE: /usr/bin/python3
[3.102s] -- Found rclcpp: 2.2.0 (/home/bot/ros2_foxy/install/rclcpp/share/rclcpp/cmake)
[3.308s] -- Using all available rosidl_typesupport_c: rosidl_typesupport_introspection_c;rosidl_typesupport_fastrtps_c
[3.346s] -- Found rosidl_adapter: 1.1.0 (/home/bot/ros2_foxy/install/rosidl_adapter/share/rosidl_adapter/cmake)
[3.611s] -- Found OpenSSL: /usr/lib/x86_64-linux-gnu/libcrypto.so (found version "1.1.1d")  
[3.677s] -- Found FastRTPS: /home/bot/ros2_foxy/install/fastrtps/include  
[3.882s] -- Using all available rosidl_typesupport_cpp: rosidl_typesupport_introspection_cpp;rosidl_typesupport_fastrtps_cpp
[4.022s] -- Found rmw_implementation_cmake: 1.0.2 (/home/bot/ros2_foxy/install/rmw_implementation_cmake/share/rmw_implementation_cmake/cmake)
[4.050s] -- Using RMW implementation 'rmw_fastrtps_cpp' as default
[4.051s] -- Looking for pthread.h
[4.192s] -- Looking for pthread.h - found
[4.193s] -- Looking for pthread_create
[4.340s] -- Looking for pthread_create - not found
[4.341s] -- Looking for pthread_create in pthreads
[4.469s] -- Looking for pthread_create in pthreads - not found
[4.470s] -- Looking for pthread_create in pthread
[4.602s] -- Looking for pthread_create in pthread - found
[4.605s] -- Found Threads: TRUE  
[4.807s] -- Found example_interfaces: 0.9.0 (/home/bot/ros2_foxy/install/example_interfaces/share/example_interfaces/cmake)
[4.937s] -- Found rosidl_default_generators: 1.0.0 (/home/bot/ros2_foxy/install/rosidl_default_generators/share/rosidl_default_generators/cmake)
[5.108s] -- Found ament_lint_auto: 0.9.5 (/home/bot/ros2_foxy/install/ament_lint_auto/share/ament_lint_auto/cmake)
[5.358s] -- Added test 'copyright' to check source files copyright and LICENSE
[5.361s] -- Added test 'cppcheck' to perform static code analysis on C / C++ code
[5.362s] -- Configured cppcheck include dirs: 
[5.362s] -- Configured cppcheck exclude dirs and/or files: 
[5.365s] -- Added test 'cpplint' to check C / C++ code against the Google style
[5.365s] -- Configured cpplint exclude dirs and/or files: 
[5.368s] -- Added test 'lint_cmake' to check CMake code style
[5.371s] -- Added test 'uncrustify' to check C / C++ code style
[5.372s] -- Configured uncrustify additional arguments: 
[5.374s] -- Added test 'xmllint' to check XML markup files
[5.383s] -- Configuring done
[5.447s] -- Generating done
[5.449s] -- Build files have been written to: /home/bot/tutorial/tutorial_ws/src/build/tutorial_service
