[0.075s] Invoking command in '/home/bot/tutorial/tutorial_ws/src/build/tutorial_topic': CMAKE_PREFIX_PATH=${CMAKE_PREFIX_PATH}:/home/bot/ros2_foxy/install/ros2bag:/home/bot/ros2_foxy/install/tracetools_launch:/home/bot/ros2_foxy/install/topic_monitor:/home/bot/ros2_foxy/install/examples_tf2_py:/home/bot/ros2_foxy/install/sros2:/home/bot/ros2_foxy/install/rqt_topic:/home/bot/ros2_foxy/install/rqt_reconfigure:/home/bot/ros2_foxy/install/rqt_action:/home/bot/ros2_foxy/install/rqt:/home/bot/ros2_foxy/install/rqt_graph:/home/bot/ros2_foxy/install/rqt_gui_py:/home/bot/ros2_foxy/install/rqt_gui:/home/bot/ros2_foxy/install/ros2trace:/home/bot/ros2_foxy/install/ros2topic:/home/bot/ros2_foxy/install/ros2test:/home/bot/ros2_foxy/install/ros2component:/home/bot/ros2_foxy/install/ros2param:/home/bot/ros2_foxy/install/ros2lifecycle:/home/bot/ros2_foxy/install/ros2service:/home/bot/ros2_foxy/install/ros2run:/home/bot/ros2_foxy/install/ros2launch:/home/bot/ros2_foxy/install/ros2pkg:/home/bot/ros2_foxy/install/ros2node:/home/bot/ros2_foxy/install/ros2multicast:/home/bot/ros2_foxy/install/ros2interface:/home/bot/ros2_foxy/install/ros2doctor:/home/bot/ros2_foxy/install/ros2action:/home/bot/ros2_foxy/install/ros2cli:/home/bot/ros2_foxy/install/quality_of_service_demo_py:/home/bot/ros2_foxy/install/launch_testing_ros:/home/bot/ros2_foxy/install/launch_ros:/home/bot/ros2_foxy/install/examples_rclpy_minimal_subscriber:/home/bot/ros2_foxy/install/examples_rclpy_minimal_service:/home/bot/ros2_foxy/install/examples_rclpy_minimal_publisher:/home/bot/ros2_foxy/install/examples_rclpy_minimal_client:/home/bot/ros2_foxy/install/examples_rclpy_minimal_action_server:/home/bot/ros2_foxy/install/examples_rclpy_minimal_action_client:/home/bot/ros2_foxy/install/examples_rclpy_executors:/home/bot/ros2_foxy/install/demo_nodes_py:/home/bot/ros2_foxy/install/action_tutorials_py:/home/bot/ros2_foxy/install/ament_uncrustify:/home/bot/ros2_foxy/install/tracetools_trace:/home/bot/ros2_foxy/install/tracetools_read:/home/bot/ros2_foxy/install/test_launch_ros:/home/bot/ros2_foxy/install/rpyutils:/home/bot/ros2_foxy/install/rosidl_runtime_py:/home/bot/ros2_foxy/install/launch_yaml:/home/bot/ros2_foxy/install/launch_xml:/home/bot/ros2_foxy/install/launch_testing:/home/bot/ros2_foxy/install/launch:/home/bot/ros2_foxy/install/osrf_pycommon:/home/bot/ros2_foxy/install/domain_coordinator:/home/bot/ros2_foxy/install/ament_xmllint:/home/bot/ros2_foxy/install/ament_pyflakes:/home/bot/ros2_foxy/install/ament_pycodestyle:/home/bot/ros2_foxy/install/ament_pep257:/home/bot/ros2_foxy/install/ament_pclint:/home/bot/ros2_foxy/install/ament_package:/home/bot/ros2_foxy/install/ament_mypy:/home/bot/ros2_foxy/install/ament_lint_cmake:/home/bot/ros2_foxy/install/ament_flake8:/home/bot/ros2_foxy/install/ament_copyright:/home/bot/ros2_foxy/install/ament_lint:/home/bot/ros2_foxy/install/ament_index_python:/home/bot/ros2_foxy/install/ament_cpplint:/home/bot/ros2_foxy/install/ament_cppcheck:/home/bot/ros2_foxy/install/ament_clang_tidy:/home/bot/ros2_foxy/install/ament_clang_format HISTTIMEFORMAT=%F %T /usr/bin/cmake /home/bot/tutorial/tutorial_ws/src/tutorial_topic -DCMAKE_INSTALL_PREFIX=/home/bot/tutorial/tutorial_ws/src/install/tutorial_topic
[0.185s] -- The C compiler identification is GNU 8.3.0
[0.338s] -- The CXX compiler identification is GNU 8.3.0
[0.354s] -- Check for working C compiler: /usr/bin/cc
[0.484s] -- Check for working C compiler: /usr/bin/cc -- works
[0.485s] -- Detecting C compiler ABI info
[0.620s] -- Detecting C compiler ABI info - done
[0.627s] -- Detecting C compile features
[1.041s] -- Detecting C compile features - done
[1.046s] -- Check for working CXX compiler: /usr/bin/c++
[1.226s] -- Check for working CXX compiler: /usr/bin/c++ -- works
[1.227s] -- Detecting CXX compiler ABI info
[1.407s] -- Detecting CXX compiler ABI info - done
[1.416s] -- Detecting CXX compile features
[2.374s] -- Detecting CXX compile features - done
[2.395s] -- Found ament_cmake: 0.9.8 (/home/bot/ros2_foxy/install/ament_cmake/share/ament_cmake/cmake)
[2.503s] -- Found PythonInterp: /usr/bin/python3 (found suitable version "3.7.3", minimum required is "3") 
[2.503s] -- Using PYTHON_EXECUTABLE: /usr/bin/python3
[3.055s] -- Found rclcpp: 2.2.0 (/home/bot/ros2_foxy/install/rclcpp/share/rclcpp/cmake)
[3.235s] -- Using all available rosidl_typesupport_c: rosidl_typesupport_introspection_c;rosidl_typesupport_fastrtps_c
[3.271s] -- Found rosidl_adapter: 1.1.0 (/home/bot/ros2_foxy/install/rosidl_adapter/share/rosidl_adapter/cmake)
[3.533s] -- Found OpenSSL: /usr/lib/x86_64-linux-gnu/libcrypto.so (found version "1.1.1d")  
[3.606s] -- Found FastRTPS: /home/bot/ros2_foxy/install/fastrtps/include  
[3.803s] -- Using all available rosidl_typesupport_cpp: rosidl_typesupport_introspection_cpp;rosidl_typesupport_fastrtps_cpp
[3.951s] -- Found rmw_implementation_cmake: 1.0.2 (/home/bot/ros2_foxy/install/rmw_implementation_cmake/share/rmw_implementation_cmake/cmake)
[3.983s] -- Using RMW implementation 'rmw_fastrtps_cpp' as default
[3.983s] -- Looking for pthread.h
[4.110s] -- Looking for pthread.h - found
[4.111s] -- Looking for pthread_create
[4.258s] -- Looking for pthread_create - not found
[4.259s] -- Looking for pthread_create in pthreads
[4.392s] -- Looking for pthread_create in pthreads - not found
[4.392s] -- Looking for pthread_create in pthread
[4.541s] -- Looking for pthread_create in pthread - found
[4.543s] -- Found Threads: TRUE  
[4.800s] CMake Error at /home/bot/ros2_foxy/install/ament_cmake_target_dependencies/share/ament_cmake_target_dependencies/cmake/ament_target_dependencies.cmake:77 (message):
[4.800s]   ament_target_dependencies() the passed package name 'tutorial_interface'
[4.800s]   was not found before
[4.800s] Call Stack (most recent call first):
[4.800s]   CMakeLists.txt:32 (ament_target_dependencies)
[4.800s] 
[4.801s] 
[4.801s] -- Configuring incomplete, errors occurred!
[4.801s] See also "/home/bot/tutorial/tutorial_ws/src/build/tutorial_topic/CMakeFiles/CMakeOutput.log".
[4.801s] See also "/home/bot/tutorial/tutorial_ws/src/build/tutorial_topic/CMakeFiles/CMakeError.log".
