Determining if the pthread_create exist failed with the following output:
Change Dir: /home/bot/tutorial/tutorial_ws/src/build/tutorial_topic/CMakeFiles/CMakeTmp

Run Build Command:"/usr/bin/make" "cmTC_b6918/fast"
/usr/bin/make -f CMakeFiles/cmTC_b6918.dir/build.make CMakeFiles/cmTC_b6918.dir/build
make[1]: Entering directory '/home/bot/tutorial/tutorial_ws/src/build/tutorial_topic/CMakeFiles/CMakeTmp'
Building C object CMakeFiles/cmTC_b6918.dir/CheckSymbolExists.c.o
/usr/bin/cc    -o CMakeFiles/cmTC_b6918.dir/CheckSymbolExists.c.o   -c /home/bot/tutorial/tutorial_ws/src/build/tutorial_topic/CMakeFiles/CMakeTmp/CheckSymbolExists.c
Linking C executable cmTC_b6918
/usr/bin/cmake -E cmake_link_script CMakeFiles/cmTC_b6918.dir/link.txt --verbose=1
/usr/bin/cc      CMakeFiles/cmTC_b6918.dir/CheckSymbolExists.c.o  -o cmTC_b6918 
/usr/bin/ld: CMakeFiles/cmTC_b6918.dir/CheckSymbolExists.c.o: in function `main':
CheckSymbolExists.c:(.text+0x1b): undefined reference to `pthread_create'
collect2: error: ld returned 1 exit status
make[1]: *** [CMakeFiles/cmTC_b6918.dir/build.make:87: cmTC_b6918] Error 1
make[1]: Leaving directory '/home/bot/tutorial/tutorial_ws/src/build/tutorial_topic/CMakeFiles/CMakeTmp'
make: *** [Makefile:121: cmTC_b6918/fast] Error 2

File /home/bot/tutorial/tutorial_ws/src/build/tutorial_topic/CMakeFiles/CMakeTmp/CheckSymbolExists.c:
/* */
#include <pthread.h>

int main(int argc, char** argv)
{
  (void)argv;
#ifndef pthread_create
  return ((int*)(&pthread_create))[argc];
#else
  (void)argc;
  return 0;
#endif
}

Determining if the function pthread_create exists in the pthreads failed with the following output:
Change Dir: /home/bot/tutorial/tutorial_ws/src/build/tutorial_topic/CMakeFiles/CMakeTmp

Run Build Command:"/usr/bin/make" "cmTC_fd9b8/fast"
/usr/bin/make -f CMakeFiles/cmTC_fd9b8.dir/build.make CMakeFiles/cmTC_fd9b8.dir/build
make[1]: Entering directory '/home/bot/tutorial/tutorial_ws/src/build/tutorial_topic/CMakeFiles/CMakeTmp'
Building C object CMakeFiles/cmTC_fd9b8.dir/CheckFunctionExists.c.o
/usr/bin/cc   -DCHECK_FUNCTION_EXISTS=pthread_create   -o CMakeFiles/cmTC_fd9b8.dir/CheckFunctionExists.c.o   -c /usr/share/cmake-3.13/Modules/CheckFunctionExists.c
Linking C executable cmTC_fd9b8
/usr/bin/cmake -E cmake_link_script CMakeFiles/cmTC_fd9b8.dir/link.txt --verbose=1
/usr/bin/cc  -DCHECK_FUNCTION_EXISTS=pthread_create    CMakeFiles/cmTC_fd9b8.dir/CheckFunctionExists.c.o  -o cmTC_fd9b8 -lpthreads 
/usr/bin/ld: cannot find -lpthreads
collect2: error: ld returned 1 exit status
make[1]: *** [CMakeFiles/cmTC_fd9b8.dir/build.make:87: cmTC_fd9b8] Error 1
make[1]: Leaving directory '/home/bot/tutorial/tutorial_ws/src/build/tutorial_topic/CMakeFiles/CMakeTmp'
make: *** [Makefile:121: cmTC_fd9b8/fast] Error 2


